This file contains any messages produced by compilers while
running configure, to aid debugging if configure makes a mistake.

It was created by GNU Awk configure 3.1.8, which was
generated by GNU Autoconf 2.69.  Invocation command line was

  $ ./configure 

## --------- ##
## Platform. ##
## --------- ##

hostname = varg-3
uname -m = x86_64
uname -r = 4.4.0-124-generic
uname -s = Linux
uname -v = #148-Ubuntu SMP Wed May 2 13:00:18 UTC 2018

/usr/bin/uname -p = unknown
/bin/uname -X     = unknown

/bin/arch              = unknown
/usr/bin/arch -k       = unknown
/usr/convex/getsysinfo = unknown
/usr/bin/hostinfo      = unknown
/bin/machine           = unknown
/usr/bin/oslevel       = unknown
/bin/universe          = unknown

PATH: /usr/local/sbin
PATH: /usr/local/bin
PATH: /usr/sbin
PATH: /usr/bin
PATH: /sbin
PATH: /bin
PATH: /usr/games
PATH: /usr/local/games
PATH: /snap/bin
PATH: /usr/lib/jvm/java-8-oracle/bin
PATH: /usr/lib/jvm/java-8-oracle/db/bin
PATH: /usr/lib/jvm/java-8-oracle/jre/bin


## ----------- ##
## Core tests. ##
## ----------- ##

configure:2632: checking for a BSD-compatible install
configure:2700: result: ./install-sh -c
configure:2711: checking whether build environment is sane
configure:2761: result: yes
configure:2902: checking for a thread-safe mkdir -p
configure:2941: result: /bin/mkdir -p
configure:2954: checking for gawk
configure:2970: found /usr/bin/gawk
configure:2981: result: gawk
configure:2992: checking whether make sets $(MAKE)
configure:3014: result: yes
configure:3166: checking for style of include used by make
configure:3194: result: GNU
configure:3264: checking for gcc
configure:3280: found /usr/bin/gcc
configure:3291: result: gcc
configure:3520: checking for C compiler version
configure:3529: gcc --version >&5
gcc (Ubuntu 5.4.0-6ubuntu1~16.04.10) 5.4.0 20160609
Copyright (C) 2015 Free Software Foundation, Inc.
This is free software; see the source for copying conditions.  There is NO
warranty; not even for MERCHANTABILITY or FITNESS FOR A PARTICULAR PURPOSE.

configure:3540: $? = 0
configure:3529: gcc -v >&5
Using built-in specs.
COLLECT_GCC=gcc
COLLECT_LTO_WRAPPER=/usr/lib/gcc/x86_64-linux-gnu/5/lto-wrapper
Target: x86_64-linux-gnu
Configured with: ../src/configure -v --with-pkgversion='Ubuntu 5.4.0-6ubuntu1~16.04.10' --with-bugurl=file:///usr/share/doc/gcc-5/README.Bugs --enable-languages=c,ada,c++,java,go,d,fortran,objc,obj-c++ --prefix=/usr --program-suffix=-5 --enable-shared --enable-linker-build-id --libexecdir=/usr/lib --without-included-gettext --enable-threads=posix --libdir=/usr/lib --enable-nls --with-sysroot=/ --enable-clocale=gnu --enable-libstdcxx-debug --enable-libstdcxx-time=yes --with-default-libstdcxx-abi=new --enable-gnu-unique-object --disable-vtable-verify --enable-libmpx --enable-plugin --with-system-zlib --disable-browser-plugin --enable-java-awt=gtk --enable-gtk-cairo --with-java-home=/usr/lib/jvm/java-1.5.0-gcj-5-amd64/jre --enable-java-home --with-jvm-root-dir=/usr/lib/jvm/java-1.5.0-gcj-5-amd64 --with-jvm-jar-dir=/usr/lib/jvm-exports/java-1.5.0-gcj-5-amd64 --with-arch-directory=amd64 --with-ecj-jar=/usr/share/java/eclipse-ecj.jar --enable-objc-gc --enable-multiarch --disable-werror --with-arch-32=i686 --with-abi=m64 --with-multilib-list=m32,m64,mx32 --enable-multilib --with-tune=generic --enable-checking=release --build=x86_64-linux-gnu --host=x86_64-linux-gnu --target=x86_64-linux-gnu
Thread model: posix
gcc version 5.4.0 20160609 (Ubuntu 5.4.0-6ubuntu1~16.04.10) 
configure:3540: $? = 0
configure:3529: gcc -V >&5
gcc: error: unrecognized command line option '-V'
gcc: fatal error: no input files
compilation terminated.
configure:3540: $? = 1
configure:3529: gcc -qversion >&5
gcc: error: unrecognized command line option '-qversion'
gcc: fatal error: no input files
compilation terminated.
configure:3540: $? = 1
configure:3560: checking whether the C compiler works
configure:3582: gcc    conftest.c  >&5
configure:3586: $? = 0
configure:3634: result: yes
configure:3637: checking for C compiler default output file name
configure:3639: result: a.out
configure:3645: checking for suffix of executables
configure:3652: gcc -o conftest    conftest.c  >&5
configure:3656: $? = 0
configure:3678: result: 
configure:3700: checking whether we are cross compiling
configure:3708: gcc -o conftest    conftest.c  >&5
configure:3712: $? = 0
configure:3719: ./conftest
configure:3723: $? = 0
configure:3738: result: no
configure:3743: checking for suffix of object files
configure:3765: gcc -c   conftest.c >&5
configure:3769: $? = 0
configure:3790: result: o
configure:3794: checking whether we are using the GNU C compiler
configure:3813: gcc -c   conftest.c >&5
configure:3813: $? = 0
configure:3822: result: yes
configure:3831: checking whether gcc accepts -g
configure:3851: gcc -c -g  conftest.c >&5
configure:3851: $? = 0
configure:3892: result: yes
configure:3909: checking for gcc option to accept ISO C89
configure:3972: gcc  -c -g -O2  conftest.c >&5
configure:3972: $? = 0
configure:3985: result: none needed
configure:4007: checking dependency style of gcc
configure:4117: result: gcc3
configure:4138: checking how to run the C preprocessor
configure:4169: gcc -E  conftest.c
configure:4169: $? = 0
configure:4183: gcc -E  conftest.c
conftest.c:11:28: fatal error: ac_nonexistent.h: No such file or directory
compilation terminated.
configure:4183: $? = 1
configure: failed program was:
| /* confdefs.h */
| #define PACKAGE_NAME "GNU Awk"
| #define PACKAGE_TARNAME "gawk"
| #define PACKAGE_VERSION "3.1.8"
| #define PACKAGE_STRING "GNU Awk 3.1.8"
| #define PACKAGE_BUGREPORT "bug-gawk@gnu.org"
| #define PACKAGE_URL "http://www.gnu.org/software/gawk/"
| #define PACKAGE "gawk"
| #define VERSION "3.1.8"
| /* end confdefs.h.  */
| #include <ac_nonexistent.h>
configure:4208: result: gcc -E
configure:4228: gcc -E  conftest.c
configure:4228: $? = 0
configure:4242: gcc -E  conftest.c
conftest.c:11:28: fatal error: ac_nonexistent.h: No such file or directory
compilation terminated.
configure:4242: $? = 1
configure: failed program was:
| /* confdefs.h */
| #define PACKAGE_NAME "GNU Awk"
| #define PACKAGE_TARNAME "gawk"
| #define PACKAGE_VERSION "3.1.8"
| #define PACKAGE_STRING "GNU Awk 3.1.8"
| #define PACKAGE_BUGREPORT "bug-gawk@gnu.org"
| #define PACKAGE_URL "http://www.gnu.org/software/gawk/"
| #define PACKAGE "gawk"
| #define VERSION "3.1.8"
| /* end confdefs.h.  */
| #include <ac_nonexistent.h>
configure:4271: checking for grep that handles long lines and -e
configure:4329: result: /bin/grep
configure:4334: checking for egrep
configure:4396: result: /bin/grep -E
configure:4401: checking for ANSI C header files
configure:4421: gcc -c -g -O2  conftest.c >&5
configure:4421: $? = 0
configure:4494: gcc -o conftest -g -O2   conftest.c  >&5
configure:4494: $? = 0
configure:4494: ./conftest
configure:4494: $? = 0
configure:4505: result: yes
configure:4518: checking for sys/types.h
configure:4518: gcc -c -g -O2  conftest.c >&5
configure:4518: $? = 0
configure:4518: result: yes
configure:4518: checking for sys/stat.h
configure:4518: gcc -c -g -O2  conftest.c >&5
configure:4518: $? = 0
configure:4518: result: yes
configure:4518: checking for stdlib.h
configure:4518: gcc -c -g -O2  conftest.c >&5
configure:4518: $? = 0
configure:4518: result: yes
configure:4518: checking for string.h
configure:4518: gcc -c -g -O2  conftest.c >&5
configure:4518: $? = 0
configure:4518: result: yes
configure:4518: checking for memory.h
configure:4518: gcc -c -g -O2  conftest.c >&5
configure:4518: $? = 0
configure:4518: result: yes
configure:4518: checking for strings.h
configure:4518: gcc -c -g -O2  conftest.c >&5
configure:4518: $? = 0
configure:4518: result: yes
configure:4518: checking for inttypes.h
configure:4518: gcc -c -g -O2  conftest.c >&5
configure:4518: $? = 0
configure:4518: result: yes
configure:4518: checking for stdint.h
configure:4518: gcc -c -g -O2  conftest.c >&5
configure:4518: $? = 0
configure:4518: result: yes
configure:4518: checking for unistd.h
configure:4518: gcc -c -g -O2  conftest.c >&5
configure:4518: $? = 0
configure:4518: result: yes
configure:4531: checking minix/config.h usability
configure:4531: gcc -c -g -O2  conftest.c >&5
conftest.c:54:26: fatal error: minix/config.h: No such file or directory
compilation terminated.
configure:4531: $? = 1
configure: failed program was:
| /* confdefs.h */
| #define PACKAGE_NAME "GNU Awk"
| #define PACKAGE_TARNAME "gawk"
| #define PACKAGE_VERSION "3.1.8"
| #define PACKAGE_STRING "GNU Awk 3.1.8"
| #define PACKAGE_BUGREPORT "bug-gawk@gnu.org"
| #define PACKAGE_URL "http://www.gnu.org/software/gawk/"
| #define PACKAGE "gawk"
| #define VERSION "3.1.8"
| #define STDC_HEADERS 1
| #define HAVE_SYS_TYPES_H 1
| #define HAVE_SYS_STAT_H 1
| #define HAVE_STDLIB_H 1
| #define HAVE_STRING_H 1
| #define HAVE_MEMORY_H 1
| #define HAVE_STRINGS_H 1
| #define HAVE_INTTYPES_H 1
| #define HAVE_STDINT_H 1
| #define HAVE_UNISTD_H 1
| /* end confdefs.h.  */
| #include <stdio.h>
| #ifdef HAVE_SYS_TYPES_H
| # include <sys/types.h>
| #endif
| #ifdef HAVE_SYS_STAT_H
| # include <sys/stat.h>
| #endif
| #ifdef STDC_HEADERS
| # include <stdlib.h>
| # include <stddef.h>
| #else
| # ifdef HAVE_STDLIB_H
| #  include <stdlib.h>
| # endif
| #endif
| #ifdef HAVE_STRING_H
| # if !defined STDC_HEADERS && defined HAVE_MEMORY_H
| #  include <memory.h>
| # endif
| # include <string.h>
| #endif
| #ifdef HAVE_STRINGS_H
| # include <strings.h>
| #endif
| #ifdef HAVE_INTTYPES_H
| # include <inttypes.h>
| #endif
| #ifdef HAVE_STDINT_H
| # include <stdint.h>
| #endif
| #ifdef HAVE_UNISTD_H
| # include <unistd.h>
| #endif
| #include <minix/config.h>
configure:4531: result: no
configure:4531: checking minix/config.h presence
configure:4531: gcc -E  conftest.c
conftest.c:21:26: fatal error: minix/config.h: No such file or directory
compilation terminated.
configure:4531: $? = 1
configure: failed program was:
| /* confdefs.h */
| #define PACKAGE_NAME "GNU Awk"
| #define PACKAGE_TARNAME "gawk"
| #define PACKAGE_VERSION "3.1.8"
| #define PACKAGE_STRING "GNU Awk 3.1.8"
| #define PACKAGE_BUGREPORT "bug-gawk@gnu.org"
| #define PACKAGE_URL "http://www.gnu.org/software/gawk/"
| #define PACKAGE "gawk"
| #define VERSION "3.1.8"
| #define STDC_HEADERS 1
| #define HAVE_SYS_TYPES_H 1
| #define HAVE_SYS_STAT_H 1
| #define HAVE_STDLIB_H 1
| #define HAVE_STRING_H 1
| #define HAVE_MEMORY_H 1
| #define HAVE_STRINGS_H 1
| #define HAVE_INTTYPES_H 1
| #define HAVE_STDINT_H 1
| #define HAVE_UNISTD_H 1
| /* end confdefs.h.  */
| #include <minix/config.h>
configure:4531: result: no
configure:4531: checking for minix/config.h
configure:4531: result: no
configure:4552: checking whether it is safe to define __EXTENSIONS__
configure:4570: gcc -c -g -O2  conftest.c >&5
configure:4570: $? = 0
configure:4577: result: yes
configure:4592: checking for egrep
configure:4654: result: /bin/grep -E
configure:4663: checking for bison
configure:4679: found /usr/bin/bison
configure:4690: result: bison -y
configure:4702: checking whether ln -s works
configure:4706: result: yes
configure:4761: checking for gcc
configure:4788: result: gcc
configure:5017: checking for C compiler version
configure:5026: gcc --version >&5
gcc (Ubuntu 5.4.0-6ubuntu1~16.04.10) 5.4.0 20160609
Copyright (C) 2015 Free Software Foundation, Inc.
This is free software; see the source for copying conditions.  There is NO
warranty; not even for MERCHANTABILITY or FITNESS FOR A PARTICULAR PURPOSE.

configure:5037: $? = 0
configure:5026: gcc -v >&5
Using built-in specs.
COLLECT_GCC=gcc
COLLECT_LTO_WRAPPER=/usr/lib/gcc/x86_64-linux-gnu/5/lto-wrapper
Target: x86_64-linux-gnu
Configured with: ../src/configure -v --with-pkgversion='Ubuntu 5.4.0-6ubuntu1~16.04.10' --with-bugurl=file:///usr/share/doc/gcc-5/README.Bugs --enable-languages=c,ada,c++,java,go,d,fortran,objc,obj-c++ --prefix=/usr --program-suffix=-5 --enable-shared --enable-linker-build-id --libexecdir=/usr/lib --without-included-gettext --enable-threads=posix --libdir=/usr/lib --enable-nls --with-sysroot=/ --enable-clocale=gnu --enable-libstdcxx-debug --enable-libstdcxx-time=yes --with-default-libstdcxx-abi=new --enable-gnu-unique-object --disable-vtable-verify --enable-libmpx --enable-plugin --with-system-zlib --disable-browser-plugin --enable-java-awt=gtk --enable-gtk-cairo --with-java-home=/usr/lib/jvm/java-1.5.0-gcj-5-amd64/jre --enable-java-home --with-jvm-root-dir=/usr/lib/jvm/java-1.5.0-gcj-5-amd64 --with-jvm-jar-dir=/usr/lib/jvm-exports/java-1.5.0-gcj-5-amd64 --with-arch-directory=amd64 --with-ecj-jar=/usr/share/java/eclipse-ecj.jar --enable-objc-gc --enable-multiarch --disable-werror --with-arch-32=i686 --with-abi=m64 --with-multilib-list=m32,m64,mx32 --enable-multilib --with-tune=generic --enable-checking=release --build=x86_64-linux-gnu --host=x86_64-linux-gnu --target=x86_64-linux-gnu
Thread model: posix
gcc version 5.4.0 20160609 (Ubuntu 5.4.0-6ubuntu1~16.04.10) 
configure:5037: $? = 0
configure:5026: gcc -V >&5
gcc: error: unrecognized command line option '-V'
gcc: fatal error: no input files
compilation terminated.
configure:5037: $? = 1
configure:5026: gcc -qversion >&5
gcc: error: unrecognized command line option '-qversion'
gcc: fatal error: no input files
compilation terminated.
configure:5037: $? = 1
configure:5041: checking whether we are using the GNU C compiler
configure:5069: result: yes
configure:5078: checking whether gcc accepts -g
configure:5139: result: yes
configure:5156: checking for gcc option to accept ISO C89
configure:5232: result: none needed
configure:5254: checking dependency style of gcc
configure:5364: result: gcc3
configure:5384: checking how to run the C preprocessor
configure:5454: result: gcc -E
configure:5474: gcc -E  conftest.c
configure:5474: $? = 0
configure:5488: gcc -E  conftest.c
conftest.c:26:28: fatal error: ac_nonexistent.h: No such file or directory
compilation terminated.
configure:5488: $? = 1
configure: failed program was:
| /* confdefs.h */
| #define PACKAGE_NAME "GNU Awk"
| #define PACKAGE_TARNAME "gawk"
| #define PACKAGE_VERSION "3.1.8"
| #define PACKAGE_STRING "GNU Awk 3.1.8"
| #define PACKAGE_BUGREPORT "bug-gawk@gnu.org"
| #define PACKAGE_URL "http://www.gnu.org/software/gawk/"
| #define PACKAGE "gawk"
| #define VERSION "3.1.8"
| #define STDC_HEADERS 1
| #define HAVE_SYS_TYPES_H 1
| #define HAVE_SYS_STAT_H 1
| #define HAVE_STDLIB_H 1
| #define HAVE_STRING_H 1
| #define HAVE_MEMORY_H 1
| #define HAVE_STRINGS_H 1
| #define HAVE_INTTYPES_H 1
| #define HAVE_STDINT_H 1
| #define HAVE_UNISTD_H 1
| #define __EXTENSIONS__ 1
| #define _ALL_SOURCE 1
| #define _GNU_SOURCE 1
| #define _POSIX_PTHREAD_SEMANTICS 1
| #define _TANDEM_SOURCE 1
| /* end confdefs.h.  */
| #include <ac_nonexistent.h>
configure:5521: checking whether make sets $(MAKE)
configure:5543: result: yes
configure:5555: checking for special development options
configure:5575: result: no
configure:5582: checking for z/OS USS compilation
configure:5593: result: no
configure:5597: checking for strerror in -lcposix
configure:5622: gcc -o conftest -g -O2   conftest.c -lcposix   >&5
/usr/bin/ld: cannot find -lcposix
collect2: error: ld returned 1 exit status
configure:5622: $? = 1
configure: failed program was:
| /* confdefs.h */
| #define PACKAGE_NAME "GNU Awk"
| #define PACKAGE_TARNAME "gawk"
| #define PACKAGE_VERSION "3.1.8"
| #define PACKAGE_STRING "GNU Awk 3.1.8"
| #define PACKAGE_BUGREPORT "bug-gawk@gnu.org"
| #define PACKAGE_URL "http://www.gnu.org/software/gawk/"
| #define PACKAGE "gawk"
| #define VERSION "3.1.8"
| #define STDC_HEADERS 1
| #define HAVE_SYS_TYPES_H 1
| #define HAVE_SYS_STAT_H 1
| #define HAVE_STDLIB_H 1
| #define HAVE_STRING_H 1
| #define HAVE_MEMORY_H 1
| #define HAVE_STRINGS_H 1
| #define HAVE_INTTYPES_H 1
| #define HAVE_STDINT_H 1
| #define HAVE_UNISTD_H 1
| #define __EXTENSIONS__ 1
| #define _ALL_SOURCE 1
| #define _GNU_SOURCE 1
| #define _POSIX_PTHREAD_SEMANTICS 1
| #define _TANDEM_SOURCE 1
| /* end confdefs.h.  */
| 
| /* Override any GCC internal prototype to avoid an error.
|    Use char because int might match the return type of a GCC
|    builtin and then its argument prototype would still apply.  */
| #ifdef __cplusplus
| extern "C"
| #endif
| char strerror ();
| int
| main ()
| {
| return strerror ();
|   ;
|   return 0;
| }
configure:5631: result: no
configure:5646: checking for special C compiler options needed for large files
configure:5691: result: no
configure:5697: checking for _FILE_OFFSET_BITS value needed for large files
configure:5722: gcc -c -g -O2  conftest.c >&5
configure:5722: $? = 0
configure:5754: result: no
configure:5840: checking for AIX compilation hacks
configure:5855: result: no
configure:5859: checking for Linux/Alpha compilation hacks
configure:5881: result: no
configure:5890: checking for function prototypes
configure:5893: result: yes
configure:5916: checking for string.h
configure:5916: result: yes
configure:5938: checking whether NLS is requested
configure:5947: result: yes
configure:5988: checking for msgfmt
configure: trying /usr/bin/msgfmt...
0 translated messages.
configure:6020: result: /usr/bin/msgfmt
configure:6029: checking for gmsgfmt
configure:6060: result: /usr/bin/msgfmt
configure:6111: checking for xgettext
configure: trying /usr/bin/xgettext...
/usr/bin/xgettext: warning: file '/dev/null' extension '' is unknown; will try C
configure:6143: result: /usr/bin/xgettext
configure:6189: checking for msgmerge
configure: trying /usr/bin/msgmerge...
configure:6220: result: /usr/bin/msgmerge
configure:6257: checking build system type
configure:6271: result: x86_64-unknown-linux-gnu
configure:6291: checking host system type
configure:6304: result: x86_64-unknown-linux-gnu
configure:6348: checking for ld used by GCC
configure:6412: result: /usr/bin/ld
configure:6419: checking if the linker (/usr/bin/ld) is GNU ld
configure:6432: result: yes
configure:6439: checking for shared library run path origin
configure:6452: result: done
configure:6953: checking for CFPreferencesCopyAppValue
configure:6971: gcc -o conftest -g -O2   conftest.c  -Wl,-framework -Wl,CoreFoundation >&5
conftest.c:29:42: fatal error: CoreFoundation/CFPreferences.h: No such file or directory
compilation terminated.
configure:6971: $? = 1
configure: failed program was:
| /* confdefs.h */
| #define PACKAGE_NAME "GNU Awk"
| #define PACKAGE_TARNAME "gawk"
| #define PACKAGE_VERSION "3.1.8"
| #define PACKAGE_STRING "GNU Awk 3.1.8"
| #define PACKAGE_BUGREPORT "bug-gawk@gnu.org"
| #define PACKAGE_URL "http://www.gnu.org/software/gawk/"
| #define PACKAGE "gawk"
| #define VERSION "3.1.8"
| #define STDC_HEADERS 1
| #define HAVE_SYS_TYPES_H 1
| #define HAVE_SYS_STAT_H 1
| #define HAVE_STDLIB_H 1
| #define HAVE_STRING_H 1
| #define HAVE_MEMORY_H 1
| #define HAVE_STRINGS_H 1
| #define HAVE_INTTYPES_H 1
| #define HAVE_STDINT_H 1
| #define HAVE_UNISTD_H 1
| #define __EXTENSIONS__ 1
| #define _ALL_SOURCE 1
| #define _GNU_SOURCE 1
| #define _POSIX_PTHREAD_SEMANTICS 1
| #define _TANDEM_SOURCE 1
| #define PROTOTYPES 1
| #define __PROTOTYPES 1
| #define HAVE_STRING_H 1
| /* end confdefs.h.  */
| #include <CoreFoundation/CFPreferences.h>
| int
| main ()
| {
| CFPreferencesCopyAppValue(NULL, NULL)
|   ;
|   return 0;
| }
configure:6980: result: no
configure:6987: checking for CFLocaleCopyCurrent
configure:7005: gcc -o conftest -g -O2   conftest.c  -Wl,-framework -Wl,CoreFoundation >&5
conftest.c:29:37: fatal error: CoreFoundation/CFLocale.h: No such file or directory
compilation terminated.
configure:7005: $? = 1
configure: failed program was:
| /* confdefs.h */
| #define PACKAGE_NAME "GNU Awk"
| #define PACKAGE_TARNAME "gawk"
| #define PACKAGE_VERSION "3.1.8"
| #define PACKAGE_STRING "GNU Awk 3.1.8"
| #define PACKAGE_BUGREPORT "bug-gawk@gnu.org"
| #define PACKAGE_URL "http://www.gnu.org/software/gawk/"
| #define PACKAGE "gawk"
| #define VERSION "3.1.8"
| #define STDC_HEADERS 1
| #define HAVE_SYS_TYPES_H 1
| #define HAVE_SYS_STAT_H 1
| #define HAVE_STDLIB_H 1
| #define HAVE_STRING_H 1
| #define HAVE_MEMORY_H 1
| #define HAVE_STRINGS_H 1
| #define HAVE_INTTYPES_H 1
| #define HAVE_STDINT_H 1
| #define HAVE_UNISTD_H 1
| #define __EXTENSIONS__ 1
| #define _ALL_SOURCE 1
| #define _GNU_SOURCE 1
| #define _POSIX_PTHREAD_SEMANTICS 1
| #define _TANDEM_SOURCE 1
| #define PROTOTYPES 1
| #define __PROTOTYPES 1
| #define HAVE_STRING_H 1
| /* end confdefs.h.  */
| #include <CoreFoundation/CFLocale.h>
| int
| main ()
| {
| CFLocaleCopyCurrent();
|   ;
|   return 0;
| }
configure:7014: result: no
configure:7063: checking for GNU gettext in libc
configure:7083: gcc -o conftest -g -O2   conftest.c  >&5
configure:7083: $? = 0
configure:7092: result: yes
configure:7838: checking whether to use NLS
configure:7840: result: yes
configure:7843: checking where the gettext function comes from
configure:7854: result: libc
configure:7913: checking for nl_langinfo and CODESET
configure:7929: gcc -o conftest -g -O2   conftest.c  >&5
configure:7929: $? = 0
configure:7938: result: yes
configure:7947: checking for LC_MESSAGES
configure:7963: gcc -o conftest -g -O2   conftest.c  >&5
configure:7963: $? = 0
configure:7971: result: yes
configure:7980: checking for ANSI C header files
configure:8084: result: yes
configure:8092: checking for sys/wait.h that is POSIX.1 compatible
configure:8118: gcc -c -g -O2  conftest.c >&5
configure:8118: $? = 0
configure:8125: result: yes
configure:8133: checking whether time.h and sys/time.h may both be included
configure:8153: gcc -c -g -O2  conftest.c >&5
configure:8153: $? = 0
configure:8160: result: yes
configure:8174: checking arpa/inet.h usability
configure:8174: gcc -c -g -O2  conftest.c >&5
configure:8174: $? = 0
configure:8174: result: yes
configure:8174: checking arpa/inet.h presence
configure:8174: gcc -E  conftest.c
configure:8174: $? = 0
configure:8174: result: yes
configure:8174: checking for arpa/inet.h
configure:8174: result: yes
configure:8174: checking fcntl.h usability
configure:8174: gcc -c -g -O2  conftest.c >&5
configure:8174: $? = 0
configure:8174: result: yes
configure:8174: checking fcntl.h presence
configure:8174: gcc -E  conftest.c
configure:8174: $? = 0
configure:8174: result: yes
configure:8174: checking for fcntl.h
configure:8174: result: yes
configure:8174: checking limits.h usability
configure:8174: gcc -c -g -O2  conftest.c >&5
configure:8174: $? = 0
configure:8174: result: yes
configure:8174: checking limits.h presence
configure:8174: gcc -E  conftest.c
configure:8174: $? = 0
configure:8174: result: yes
configure:8174: checking for limits.h
configure:8174: result: yes
configure:8174: checking locale.h usability
configure:8174: gcc -c -g -O2  conftest.c >&5
configure:8174: $? = 0
configure:8174: result: yes
configure:8174: checking locale.h presence
configure:8174: gcc -E  conftest.c
configure:8174: $? = 0
configure:8174: result: yes
configure:8174: checking for locale.h
configure:8174: result: yes
configure:8174: checking libintl.h usability
configure:8174: gcc -c -g -O2  conftest.c >&5
configure:8174: $? = 0
configure:8174: result: yes
configure:8174: checking libintl.h presence
configure:8174: gcc -E  conftest.c
configure:8174: $? = 0
configure:8174: result: yes
configure:8174: checking for libintl.h
configure:8174: result: yes
configure:8174: checking mcheck.h usability
configure:8174: gcc -c -g -O2  conftest.c >&5
configure:8174: $? = 0
configure:8174: result: yes
configure:8174: checking mcheck.h presence
configure:8174: gcc -E  conftest.c
configure:8174: $? = 0
configure:8174: result: yes
configure:8174: checking for mcheck.h
configure:8174: result: yes
configure:8174: checking netdb.h usability
configure:8174: gcc -c -g -O2  conftest.c >&5
configure:8174: $? = 0
configure:8174: result: yes
configure:8174: checking netdb.h presence
configure:8174: gcc -E  conftest.c
configure:8174: $? = 0
configure:8174: result: yes
configure:8174: checking for netdb.h
configure:8174: result: yes
configure:8174: checking netinet/in.h usability
configure:8174: gcc -c -g -O2  conftest.c >&5
configure:8174: $? = 0
configure:8174: result: yes
configure:8174: checking netinet/in.h presence
configure:8174: gcc -E  conftest.c
configure:8174: $? = 0
configure:8174: result: yes
configure:8174: checking for netinet/in.h
configure:8174: result: yes
configure:8174: checking stdarg.h usability
configure:8174: gcc -c -g -O2  conftest.c >&5
configure:8174: $? = 0
configure:8174: result: yes
configure:8174: checking stdarg.h presence
configure:8174: gcc -E  conftest.c
configure:8174: $? = 0
configure:8174: result: yes
configure:8174: checking for stdarg.h
configure:8174: result: yes
configure:8174: checking stddef.h usability
configure:8174: gcc -c -g -O2  conftest.c >&5
configure:8174: $? = 0
configure:8174: result: yes
configure:8174: checking stddef.h presence
configure:8174: gcc -E  conftest.c
configure:8174: $? = 0
configure:8174: result: yes
configure:8174: checking for stddef.h
configure:8174: result: yes
configure:8174: checking for string.h
configure:8174: result: yes
configure:8174: checking sys/param.h usability
configure:8174: gcc -c -g -O2  conftest.c >&5
configure:8174: $? = 0
configure:8174: result: yes
configure:8174: checking sys/param.h presence
configure:8174: gcc -E  conftest.c
configure:8174: $? = 0
configure:8174: result: yes
configure:8174: checking for sys/param.h
configure:8174: result: yes
configure:8174: checking sys/socket.h usability
configure:8174: gcc -c -g -O2  conftest.c >&5
configure:8174: $? = 0
configure:8174: result: yes
configure:8174: checking sys/socket.h presence
configure:8174: gcc -E  conftest.c
configure:8174: $? = 0
configure:8174: result: yes
configure:8174: checking for sys/socket.h
configure:8174: result: yes
configure:8174: checking sys/time.h usability
configure:8174: gcc -c -g -O2  conftest.c >&5
configure:8174: $? = 0
configure:8174: result: yes
configure:8174: checking sys/time.h presence
configure:8174: gcc -E  conftest.c
configure:8174: $? = 0
configure:8174: result: yes
configure:8174: checking for sys/time.h
configure:8174: result: yes
configure:8174: checking for unistd.h
configure:8174: result: yes
configure:8174: checking termios.h usability
configure:8174: gcc -c -g -O2  conftest.c >&5
configure:8174: $? = 0
configure:8174: result: yes
configure:8174: checking termios.h presence
configure:8174: gcc -E  conftest.c
configure:8174: $? = 0
configure:8174: result: yes
configure:8174: checking for termios.h
configure:8174: result: yes
configure:8174: checking stropts.h usability
configure:8174: gcc -c -g -O2  conftest.c >&5
configure:8174: $? = 0
configure:8174: result: yes
configure:8174: checking stropts.h presence
configure:8174: gcc -E  conftest.c
configure:8174: $? = 0
configure:8174: result: yes
configure:8174: checking for stropts.h
configure:8174: result: yes
configure:8174: checking wchar.h usability
configure:8174: gcc -c -g -O2  conftest.c >&5
configure:8174: $? = 0
configure:8174: result: yes
configure:8174: checking wchar.h presence
configure:8174: gcc -E  conftest.c
configure:8174: $? = 0
configure:8174: result: yes
configure:8174: checking for wchar.h
configure:8174: result: yes
configure:8174: checking wctype.h usability
configure:8174: gcc -c -g -O2  conftest.c >&5
configure:8174: $? = 0
configure:8174: result: yes
configure:8174: checking wctype.h presence
configure:8174: gcc -E  conftest.c
configure:8174: $? = 0
configure:8174: result: yes
configure:8174: checking for wctype.h
configure:8174: result: yes
configure:8189: checking for memory.h
configure:8189: result: yes
configure:8214: checking for pid_t
configure:8214: gcc -c -g -O2  conftest.c >&5
configure:8214: $? = 0
configure:8214: gcc -c -g -O2  conftest.c >&5
conftest.c: In function 'main':
conftest.c:93:20: error: expected expression before ')' token
 if (sizeof ((pid_t)))
                    ^
configure:8214: $? = 1
configure: failed program was:
| /* confdefs.h */
| #define PACKAGE_NAME "GNU Awk"
| #define PACKAGE_TARNAME "gawk"
| #define PACKAGE_VERSION "3.1.8"
| #define PACKAGE_STRING "GNU Awk 3.1.8"
| #define PACKAGE_BUGREPORT "bug-gawk@gnu.org"
| #define PACKAGE_URL "http://www.gnu.org/software/gawk/"
| #define PACKAGE "gawk"
| #define VERSION "3.1.8"
| #define STDC_HEADERS 1
| #define HAVE_SYS_TYPES_H 1
| #define HAVE_SYS_STAT_H 1
| #define HAVE_STDLIB_H 1
| #define HAVE_STRING_H 1
| #define HAVE_MEMORY_H 1
| #define HAVE_STRINGS_H 1
| #define HAVE_INTTYPES_H 1
| #define HAVE_STDINT_H 1
| #define HAVE_UNISTD_H 1
| #define __EXTENSIONS__ 1
| #define _ALL_SOURCE 1
| #define _GNU_SOURCE 1
| #define _POSIX_PTHREAD_SEMANTICS 1
| #define _TANDEM_SOURCE 1
| #define PROTOTYPES 1
| #define __PROTOTYPES 1
| #define HAVE_STRING_H 1
| #define ENABLE_NLS 1
| #define HAVE_GETTEXT 1
| #define HAVE_DCGETTEXT 1
| #define HAVE_LANGINFO_CODESET 1
| #define HAVE_LC_MESSAGES 1
| #define STDC_HEADERS 1
| #define HAVE_SYS_WAIT_H 1
| #define TIME_WITH_SYS_TIME 1
| #define HAVE_ARPA_INET_H 1
| #define HAVE_FCNTL_H 1
| #define HAVE_LIMITS_H 1
| #define HAVE_LOCALE_H 1
| #define HAVE_LIBINTL_H 1
| #define HAVE_MCHECK_H 1
| #define HAVE_NETDB_H 1
| #define HAVE_NETINET_IN_H 1
| #define HAVE_STDARG_H 1
| #define HAVE_STDDEF_H 1
| #define HAVE_STRING_H 1
| #define HAVE_SYS_PARAM_H 1
| #define HAVE_SYS_SOCKET_H 1
| #define HAVE_SYS_TIME_H 1
| #define HAVE_UNISTD_H 1
| #define HAVE_TERMIOS_H 1
| #define HAVE_STROPTS_H 1
| #define HAVE_WCHAR_H 1
| #define HAVE_WCTYPE_H 1
| #define HAVE_MEMORY_H 1
| /* end confdefs.h.  */
| #include <stdio.h>
| #ifdef HAVE_SYS_TYPES_H
| # include <sys/types.h>
| #endif
| #ifdef HAVE_SYS_STAT_H
| # include <sys/stat.h>
| #endif
| #ifdef STDC_HEADERS
| # include <stdlib.h>
| # include <stddef.h>
| #else
| # ifdef HAVE_STDLIB_H
| #  include <stdlib.h>
| # endif
| #endif
| #ifdef HAVE_STRING_H
| # if !defined STDC_HEADERS && defined HAVE_MEMORY_H
| #  include <memory.h>
| # endif
| # include <string.h>
| #endif
| #ifdef HAVE_STRINGS_H
| # include <strings.h>
| #endif
| #ifdef HAVE_INTTYPES_H
| # include <inttypes.h>
| #endif
| #ifdef HAVE_STDINT_H
| # include <stdint.h>
| #endif
| #ifdef HAVE_UNISTD_H
| # include <unistd.h>
| #endif
| int
| main ()
| {
| if (sizeof ((pid_t)))
| 	    return 0;
|   ;
|   return 0;
| }
configure:8214: result: yes
configure:8225: checking return type of signal handlers
configure:8243: gcc -c -g -O2  conftest.c >&5
conftest.c: In function 'main':
conftest.c:63:9: error: void value not ignored as it ought to be
 return *(signal (0, 0)) (0) == 1;
         ^
configure:8243: $? = 1
configure: failed program was:
| /* confdefs.h */
| #define PACKAGE_NAME "GNU Awk"
| #define PACKAGE_TARNAME "gawk"
| #define PACKAGE_VERSION "3.1.8"
| #define PACKAGE_STRING "GNU Awk 3.1.8"
| #define PACKAGE_BUGREPORT "bug-gawk@gnu.org"
| #define PACKAGE_URL "http://www.gnu.org/software/gawk/"
| #define PACKAGE "gawk"
| #define VERSION "3.1.8"
| #define STDC_HEADERS 1
| #define HAVE_SYS_TYPES_H 1
| #define HAVE_SYS_STAT_H 1
| #define HAVE_STDLIB_H 1
| #define HAVE_STRING_H 1
| #define HAVE_MEMORY_H 1
| #define HAVE_STRINGS_H 1
| #define HAVE_INTTYPES_H 1
| #define HAVE_STDINT_H 1
| #define HAVE_UNISTD_H 1
| #define __EXTENSIONS__ 1
| #define _ALL_SOURCE 1
| #define _GNU_SOURCE 1
| #define _POSIX_PTHREAD_SEMANTICS 1
| #define _TANDEM_SOURCE 1
| #define PROTOTYPES 1
| #define __PROTOTYPES 1
| #define HAVE_STRING_H 1
| #define ENABLE_NLS 1
| #define HAVE_GETTEXT 1
| #define HAVE_DCGETTEXT 1
| #define HAVE_LANGINFO_CODESET 1
| #define HAVE_LC_MESSAGES 1
| #define STDC_HEADERS 1
| #define HAVE_SYS_WAIT_H 1
| #define TIME_WITH_SYS_TIME 1
| #define HAVE_ARPA_INET_H 1
| #define HAVE_FCNTL_H 1
| #define HAVE_LIMITS_H 1
| #define HAVE_LOCALE_H 1
| #define HAVE_LIBINTL_H 1
| #define HAVE_MCHECK_H 1
| #define HAVE_NETDB_H 1
| #define HAVE_NETINET_IN_H 1
| #define HAVE_STDARG_H 1
| #define HAVE_STDDEF_H 1
| #define HAVE_STRING_H 1
| #define HAVE_SYS_PARAM_H 1
| #define HAVE_SYS_SOCKET_H 1
| #define HAVE_SYS_TIME_H 1
| #define HAVE_UNISTD_H 1
| #define HAVE_TERMIOS_H 1
| #define HAVE_STROPTS_H 1
| #define HAVE_WCHAR_H 1
| #define HAVE_WCTYPE_H 1
| #define HAVE_MEMORY_H 1
| /* end confdefs.h.  */
| #include <sys/types.h>
| #include <signal.h>
| 
| int
| main ()
| {
| return *(signal (0, 0)) (0) == 1;
|   ;
|   return 0;
| }
configure:8250: result: void
configure:8258: checking for size_t
configure:8258: gcc -c -g -O2  conftest.c >&5
configure:8258: $? = 0
configure:8258: gcc -c -g -O2  conftest.c >&5
conftest.c: In function 'main':
conftest.c:94:21: error: expected expression before ')' token
 if (sizeof ((size_t)))
                     ^
configure:8258: $? = 1
configure: failed program was:
| /* confdefs.h */
| #define PACKAGE_NAME "GNU Awk"
| #define PACKAGE_TARNAME "gawk"
| #define PACKAGE_VERSION "3.1.8"
| #define PACKAGE_STRING "GNU Awk 3.1.8"
| #define PACKAGE_BUGREPORT "bug-gawk@gnu.org"
| #define PACKAGE_URL "http://www.gnu.org/software/gawk/"
| #define PACKAGE "gawk"
| #define VERSION "3.1.8"
| #define STDC_HEADERS 1
| #define HAVE_SYS_TYPES_H 1
| #define HAVE_SYS_STAT_H 1
| #define HAVE_STDLIB_H 1
| #define HAVE_STRING_H 1
| #define HAVE_MEMORY_H 1
| #define HAVE_STRINGS_H 1
| #define HAVE_INTTYPES_H 1
| #define HAVE_STDINT_H 1
| #define HAVE_UNISTD_H 1
| #define __EXTENSIONS__ 1
| #define _ALL_SOURCE 1
| #define _GNU_SOURCE 1
| #define _POSIX_PTHREAD_SEMANTICS 1
| #define _TANDEM_SOURCE 1
| #define PROTOTYPES 1
| #define __PROTOTYPES 1
| #define HAVE_STRING_H 1
| #define ENABLE_NLS 1
| #define HAVE_GETTEXT 1
| #define HAVE_DCGETTEXT 1
| #define HAVE_LANGINFO_CODESET 1
| #define HAVE_LC_MESSAGES 1
| #define STDC_HEADERS 1
| #define HAVE_SYS_WAIT_H 1
| #define TIME_WITH_SYS_TIME 1
| #define HAVE_ARPA_INET_H 1
| #define HAVE_FCNTL_H 1
| #define HAVE_LIMITS_H 1
| #define HAVE_LOCALE_H 1
| #define HAVE_LIBINTL_H 1
| #define HAVE_MCHECK_H 1
| #define HAVE_NETDB_H 1
| #define HAVE_NETINET_IN_H 1
| #define HAVE_STDARG_H 1
| #define HAVE_STDDEF_H 1
| #define HAVE_STRING_H 1
| #define HAVE_SYS_PARAM_H 1
| #define HAVE_SYS_SOCKET_H 1
| #define HAVE_SYS_TIME_H 1
| #define HAVE_UNISTD_H 1
| #define HAVE_TERMIOS_H 1
| #define HAVE_STROPTS_H 1
| #define HAVE_WCHAR_H 1
| #define HAVE_WCTYPE_H 1
| #define HAVE_MEMORY_H 1
| #define RETSIGTYPE void
| /* end confdefs.h.  */
| #include <stdio.h>
| #ifdef HAVE_SYS_TYPES_H
| # include <sys/types.h>
| #endif
| #ifdef HAVE_SYS_STAT_H
| # include <sys/stat.h>
| #endif
| #ifdef STDC_HEADERS
| # include <stdlib.h>
| # include <stddef.h>
| #else
| # ifdef HAVE_STDLIB_H
| #  include <stdlib.h>
| # endif
| #endif
| #ifdef HAVE_STRING_H
| # if !defined STDC_HEADERS && defined HAVE_MEMORY_H
| #  include <memory.h>
| # endif
| # include <string.h>
| #endif
| #ifdef HAVE_STRINGS_H
| # include <strings.h>
| #endif
| #ifdef HAVE_INTTYPES_H
| # include <inttypes.h>
| #endif
| #ifdef HAVE_STDINT_H
| # include <stdint.h>
| #endif
| #ifdef HAVE_UNISTD_H
| # include <unistd.h>
| #endif
| int
| main ()
| {
| if (sizeof ((size_t)))
| 	    return 0;
|   ;
|   return 0;
| }
configure:8258: result: yes
configure:8269: checking for uid_t in sys/types.h
configure:8288: result: yes
configure:8299: checking type of array argument to getgroups
configure:8333: gcc -o conftest -g -O2   conftest.c  >&5
configure:8333: $? = 0
configure:8333: ./conftest
configure:8333: $? = 0
configure:8358: result: gid_t
configure:8367: checking for long long int
configure:8390: gcc -o conftest -g -O2   conftest.c  >&5
configure:8390: $? = 0
configure:8398: result: yes
configure:8416: checking for unsigned long long int
configure:8437: gcc -o conftest -g -O2   conftest.c  >&5
configure:8437: $? = 0
configure:8445: result: yes
configure:8467: checking for inttypes.h
configure:8484: gcc -c -g -O2  conftest.c >&5
configure:8484: $? = 0
configure:8491: result: yes
configure:8507: checking for stdint.h
configure:8524: gcc -c -g -O2  conftest.c >&5
configure:8524: $? = 0
configure:8531: result: yes
configure:8580: checking for ssize_t
configure:8580: gcc -c -g -O2  conftest.c >&5
configure:8580: $? = 0
configure:8580: gcc -c -g -O2  conftest.c >&5
conftest.c: In function 'main':
conftest.c:103:22: error: expected expression before ')' token
 if (sizeof ((ssize_t)))
                      ^
configure:8580: $? = 1
configure: failed program was:
| /* confdefs.h */
| #define PACKAGE_NAME "GNU Awk"
| #define PACKAGE_TARNAME "gawk"
| #define PACKAGE_VERSION "3.1.8"
| #define PACKAGE_STRING "GNU Awk 3.1.8"
| #define PACKAGE_BUGREPORT "bug-gawk@gnu.org"
| #define PACKAGE_URL "http://www.gnu.org/software/gawk/"
| #define PACKAGE "gawk"
| #define VERSION "3.1.8"
| #define STDC_HEADERS 1
| #define HAVE_SYS_TYPES_H 1
| #define HAVE_SYS_STAT_H 1
| #define HAVE_STDLIB_H 1
| #define HAVE_STRING_H 1
| #define HAVE_MEMORY_H 1
| #define HAVE_STRINGS_H 1
| #define HAVE_INTTYPES_H 1
| #define HAVE_STDINT_H 1
| #define HAVE_UNISTD_H 1
| #define __EXTENSIONS__ 1
| #define _ALL_SOURCE 1
| #define _GNU_SOURCE 1
| #define _POSIX_PTHREAD_SEMANTICS 1
| #define _TANDEM_SOURCE 1
| #define PROTOTYPES 1
| #define __PROTOTYPES 1
| #define HAVE_STRING_H 1
| #define ENABLE_NLS 1
| #define HAVE_GETTEXT 1
| #define HAVE_DCGETTEXT 1
| #define HAVE_LANGINFO_CODESET 1
| #define HAVE_LC_MESSAGES 1
| #define STDC_HEADERS 1
| #define HAVE_SYS_WAIT_H 1
| #define TIME_WITH_SYS_TIME 1
| #define HAVE_ARPA_INET_H 1
| #define HAVE_FCNTL_H 1
| #define HAVE_LIMITS_H 1
| #define HAVE_LOCALE_H 1
| #define HAVE_LIBINTL_H 1
| #define HAVE_MCHECK_H 1
| #define HAVE_NETDB_H 1
| #define HAVE_NETINET_IN_H 1
| #define HAVE_STDARG_H 1
| #define HAVE_STDDEF_H 1
| #define HAVE_STRING_H 1
| #define HAVE_SYS_PARAM_H 1
| #define HAVE_SYS_SOCKET_H 1
| #define HAVE_SYS_TIME_H 1
| #define HAVE_UNISTD_H 1
| #define HAVE_TERMIOS_H 1
| #define HAVE_STROPTS_H 1
| #define HAVE_WCHAR_H 1
| #define HAVE_WCTYPE_H 1
| #define HAVE_MEMORY_H 1
| #define RETSIGTYPE void
| #define GETGROUPS_T gid_t
| #define HAVE_LONG_LONG_INT 1
| #define HAVE_LONG_LONG 1
| #define HAVE_UNSIGNED_LONG_LONG_INT 1
| #define HAVE_UNSIGNED_LONG_LONG 1
| #define HAVE_INTTYPES_H_WITH_UINTMAX 1
| #define HAVE_STDINT_H_WITH_UINTMAX 1
| #define HAVE_INTMAX_T 1
| #define HAVE_UINTMAX_T 1
| /* end confdefs.h.  */
| #include <stdio.h>
| #ifdef HAVE_SYS_TYPES_H
| # include <sys/types.h>
| #endif
| #ifdef HAVE_SYS_STAT_H
| # include <sys/stat.h>
| #endif
| #ifdef STDC_HEADERS
| # include <stdlib.h>
| # include <stddef.h>
| #else
| # ifdef HAVE_STDLIB_H
| #  include <stdlib.h>
| # endif
| #endif
| #ifdef HAVE_STRING_H
| # if !defined STDC_HEADERS && defined HAVE_MEMORY_H
| #  include <memory.h>
| # endif
| # include <string.h>
| #endif
| #ifdef HAVE_STRINGS_H
| # include <strings.h>
| #endif
| #ifdef HAVE_INTTYPES_H
| # include <inttypes.h>
| #endif
| #ifdef HAVE_STDINT_H
| # include <stdint.h>
| #endif
| #ifdef HAVE_UNISTD_H
| # include <unistd.h>
| #endif
| int
| main ()
| {
| if (sizeof ((ssize_t)))
| 	    return 0;
|   ;
|   return 0;
| }
configure:8580: result: yes
configure:8595: checking size of unsigned int
configure:8600: gcc -o conftest -g -O2   conftest.c  >&5
configure:8600: $? = 0
configure:8600: ./conftest
configure:8600: $? = 0
configure:8614: result: 4
configure:8628: checking size of unsigned long
configure:8633: gcc -o conftest -g -O2   conftest.c  >&5
configure:8633: $? = 0
configure:8633: ./conftest
configure:8633: $? = 0
configure:8647: result: 8
configure:8687: gcc -c -g -O2  conftest.c >&5
configure:8687: $? = 0
configure:8707: gcc -c -g -O2  conftest.c >&5
configure:8707: $? = 0
configure:8727: gcc -c -g -O2  conftest.c >&5
configure:8727: $? = 0
configure:8747: gcc -c -g -O2  conftest.c >&5
configure:8747: $? = 0
configure:8759: checking for socklen_t
configure:8759: gcc -c -g -O2  conftest.c >&5
configure:8759: $? = 0
configure:8759: gcc -c -g -O2  conftest.c >&5
conftest.c: In function 'main':
conftest.c:80:24: error: expected expression before ')' token
 if (sizeof ((socklen_t)))
                        ^
configure:8759: $? = 1
configure: failed program was:
| /* confdefs.h */
| #define PACKAGE_NAME "GNU Awk"
| #define PACKAGE_TARNAME "gawk"
| #define PACKAGE_VERSION "3.1.8"
| #define PACKAGE_STRING "GNU Awk 3.1.8"
| #define PACKAGE_BUGREPORT "bug-gawk@gnu.org"
| #define PACKAGE_URL "http://www.gnu.org/software/gawk/"
| #define PACKAGE "gawk"
| #define VERSION "3.1.8"
| #define STDC_HEADERS 1
| #define HAVE_SYS_TYPES_H 1
| #define HAVE_SYS_STAT_H 1
| #define HAVE_STDLIB_H 1
| #define HAVE_STRING_H 1
| #define HAVE_MEMORY_H 1
| #define HAVE_STRINGS_H 1
| #define HAVE_INTTYPES_H 1
| #define HAVE_STDINT_H 1
| #define HAVE_UNISTD_H 1
| #define __EXTENSIONS__ 1
| #define _ALL_SOURCE 1
| #define _GNU_SOURCE 1
| #define _POSIX_PTHREAD_SEMANTICS 1
| #define _TANDEM_SOURCE 1
| #define PROTOTYPES 1
| #define __PROTOTYPES 1
| #define HAVE_STRING_H 1
| #define ENABLE_NLS 1
| #define HAVE_GETTEXT 1
| #define HAVE_DCGETTEXT 1
| #define HAVE_LANGINFO_CODESET 1
| #define HAVE_LC_MESSAGES 1
| #define STDC_HEADERS 1
| #define HAVE_SYS_WAIT_H 1
| #define TIME_WITH_SYS_TIME 1
| #define HAVE_ARPA_INET_H 1
| #define HAVE_FCNTL_H 1
| #define HAVE_LIMITS_H 1
| #define HAVE_LOCALE_H 1
| #define HAVE_LIBINTL_H 1
| #define HAVE_MCHECK_H 1
| #define HAVE_NETDB_H 1
| #define HAVE_NETINET_IN_H 1
| #define HAVE_STDARG_H 1
| #define HAVE_STDDEF_H 1
| #define HAVE_STRING_H 1
| #define HAVE_SYS_PARAM_H 1
| #define HAVE_SYS_SOCKET_H 1
| #define HAVE_SYS_TIME_H 1
| #define HAVE_UNISTD_H 1
| #define HAVE_TERMIOS_H 1
| #define HAVE_STROPTS_H 1
| #define HAVE_WCHAR_H 1
| #define HAVE_WCTYPE_H 1
| #define HAVE_MEMORY_H 1
| #define RETSIGTYPE void
| #define GETGROUPS_T gid_t
| #define HAVE_LONG_LONG_INT 1
| #define HAVE_LONG_LONG 1
| #define HAVE_UNSIGNED_LONG_LONG_INT 1
| #define HAVE_UNSIGNED_LONG_LONG 1
| #define HAVE_INTTYPES_H_WITH_UINTMAX 1
| #define HAVE_STDINT_H_WITH_UINTMAX 1
| #define HAVE_INTMAX_T 1
| #define HAVE_UINTMAX_T 1
| #define SIZEOF_UNSIGNED_INT 4
| #define SIZEOF_UNSIGNED_LONG 8
| #define SPRINTF_RET int
| #define TIME_T_IN_SYS_TYPES_H 1
| #define HAVE_WCTYPE_T 1
| #define HAVE_WINT_T 1
| #define HAVE_SOCKADDR_STORAGE 1
| /* end confdefs.h.  */
| #include <sys/types.h>
| #include <sys/socket.h>
| 
| int
| main ()
| {
| if (sizeof ((socklen_t)))
| 	    return 0;
|   ;
|   return 0;
| }
configure:8759: result: yes
configure:8825: checking for vprintf
configure:8825: gcc -o conftest -g -O2   conftest.c  >&5
conftest.c:97:6: warning: conflicting types for built-in function 'vprintf'
 char vprintf ();
      ^
configure:8825: $? = 0
configure:8825: result: yes
configure:8831: checking for _doprnt
configure:8831: gcc -o conftest -g -O2   conftest.c  >&5
/tmp/ccNxFjb9.o: In function `main':
/h/d8/b/elt14lpo/edaf35/project/gawk-3.1.8/conftest.c:109: undefined reference to `_doprnt'
collect2: error: ld returned 1 exit status
configure:8831: $? = 1
configure: failed program was:
| /* confdefs.h */
| #define PACKAGE_NAME "GNU Awk"
| #define PACKAGE_TARNAME "gawk"
| #define PACKAGE_VERSION "3.1.8"
| #define PACKAGE_STRING "GNU Awk 3.1.8"
| #define PACKAGE_BUGREPORT "bug-gawk@gnu.org"
| #define PACKAGE_URL "http://www.gnu.org/software/gawk/"
| #define PACKAGE "gawk"
| #define VERSION "3.1.8"
| #define STDC_HEADERS 1
| #define HAVE_SYS_TYPES_H 1
| #define HAVE_SYS_STAT_H 1
| #define HAVE_STDLIB_H 1
| #define HAVE_STRING_H 1
| #define HAVE_MEMORY_H 1
| #define HAVE_STRINGS_H 1
| #define HAVE_INTTYPES_H 1
| #define HAVE_STDINT_H 1
| #define HAVE_UNISTD_H 1
| #define __EXTENSIONS__ 1
| #define _ALL_SOURCE 1
| #define _GNU_SOURCE 1
| #define _POSIX_PTHREAD_SEMANTICS 1
| #define _TANDEM_SOURCE 1
| #define PROTOTYPES 1
| #define __PROTOTYPES 1
| #define HAVE_STRING_H 1
| #define ENABLE_NLS 1
| #define HAVE_GETTEXT 1
| #define HAVE_DCGETTEXT 1
| #define HAVE_LANGINFO_CODESET 1
| #define HAVE_LC_MESSAGES 1
| #define STDC_HEADERS 1
| #define HAVE_SYS_WAIT_H 1
| #define TIME_WITH_SYS_TIME 1
| #define HAVE_ARPA_INET_H 1
| #define HAVE_FCNTL_H 1
| #define HAVE_LIMITS_H 1
| #define HAVE_LOCALE_H 1
| #define HAVE_LIBINTL_H 1
| #define HAVE_MCHECK_H 1
| #define HAVE_NETDB_H 1
| #define HAVE_NETINET_IN_H 1
| #define HAVE_STDARG_H 1
| #define HAVE_STDDEF_H 1
| #define HAVE_STRING_H 1
| #define HAVE_SYS_PARAM_H 1
| #define HAVE_SYS_SOCKET_H 1
| #define HAVE_SYS_TIME_H 1
| #define HAVE_UNISTD_H 1
| #define HAVE_TERMIOS_H 1
| #define HAVE_STROPTS_H 1
| #define HAVE_WCHAR_H 1
| #define HAVE_WCTYPE_H 1
| #define HAVE_MEMORY_H 1
| #define RETSIGTYPE void
| #define GETGROUPS_T gid_t
| #define HAVE_LONG_LONG_INT 1
| #define HAVE_LONG_LONG 1
| #define HAVE_UNSIGNED_LONG_LONG_INT 1
| #define HAVE_UNSIGNED_LONG_LONG 1
| #define HAVE_INTTYPES_H_WITH_UINTMAX 1
| #define HAVE_STDINT_H_WITH_UINTMAX 1
| #define HAVE_INTMAX_T 1
| #define HAVE_UINTMAX_T 1
| #define SIZEOF_UNSIGNED_INT 4
| #define SIZEOF_UNSIGNED_LONG 8
| #define SPRINTF_RET int
| #define TIME_T_IN_SYS_TYPES_H 1
| #define HAVE_WCTYPE_T 1
| #define HAVE_WINT_T 1
| #define HAVE_SOCKADDR_STORAGE 1
| #define HAVE_VPRINTF 1
| /* end confdefs.h.  */
| /* Define _doprnt to an innocuous variant, in case <limits.h> declares _doprnt.
|    For example, HP-UX 11i <limits.h> declares gettimeofday.  */
| #define _doprnt innocuous__doprnt
| 
| /* System header to define __stub macros and hopefully few prototypes,
|     which can conflict with char _doprnt (); below.
|     Prefer <limits.h> to <assert.h> if __STDC__ is defined, since
|     <limits.h> exists even on freestanding compilers.  */
| 
| #ifdef __STDC__
| # include <limits.h>
| #else
| # include <assert.h>
| #endif
| 
| #undef _doprnt
| 
| /* Override any GCC internal prototype to avoid an error.
|    Use char because int might match the return type of a GCC
|    builtin and then its argument prototype would still apply.  */
| #ifdef __cplusplus
| extern "C"
| #endif
| char _doprnt ();
| /* The GNU C library defines this for functions which it implements
|     to always fail with ENOSYS.  Some functions are actually named
|     something starting with __ and the normal name is an alias.  */
| #if defined __stub__doprnt || defined __stub____doprnt
| choke me
| #endif
| 
| int
| main ()
| {
| return _doprnt ();
|   ;
|   return 0;
| }
configure:8831: result: no
configure:8848: checking for sys/time.h
configure:8848: result: yes
configure:8848: checking for unistd.h
configure:8848: result: yes
configure:8869: checking for alarm
configure:8869: gcc -o conftest -g -O2   conftest.c  >&5
configure:8869: $? = 0
configure:8869: result: yes
configure:8882: checking for working mktime
configure:9084: gcc -o conftest -g -O2   conftest.c  >&5
configure:9084: $? = 0
configure:9084: ./conftest
configure:9084: $? = 0
configure:9094: result: yes
configure:9112: checking for getaddrinfo
configure:9112: gcc -o conftest -g -O2   conftest.c  >&5
configure:9112: $? = 0
configure:9112: result: yes
configure:9163: checking for fmod in -lm
configure:9188: gcc -o conftest -g -O2   conftest.c -lm   >&5
conftest.c:87:6: warning: conflicting types for built-in function 'fmod'
 char fmod ();
      ^
configure:9188: $? = 0
configure:9197: result: yes
configure:9208: checking for isinf in -lm
configure:9233: gcc -o conftest -g -O2   conftest.c -lm  -lm  >&5
conftest.c:88:6: warning: conflicting types for built-in function 'isinf'
 char isinf ();
      ^
configure:9233: $? = 0
configure:9242: result: yes
configure:9253: checking for ismod in -lm
configure:9278: gcc -o conftest -g -O2   conftest.c -lm  -lm -lm  >&5
/tmp/cc9qDZXF.o: In function `main':
/h/d8/b/elt14lpo/edaf35/project/gawk-3.1.8/conftest.c:93: undefined reference to `ismod'
collect2: error: ld returned 1 exit status
configure:9278: $? = 1
configure: failed program was:
| /* confdefs.h */
| #define PACKAGE_NAME "GNU Awk"
| #define PACKAGE_TARNAME "gawk"
| #define PACKAGE_VERSION "3.1.8"
| #define PACKAGE_STRING "GNU Awk 3.1.8"
| #define PACKAGE_BUGREPORT "bug-gawk@gnu.org"
| #define PACKAGE_URL "http://www.gnu.org/software/gawk/"
| #define PACKAGE "gawk"
| #define VERSION "3.1.8"
| #define STDC_HEADERS 1
| #define HAVE_SYS_TYPES_H 1
| #define HAVE_SYS_STAT_H 1
| #define HAVE_STDLIB_H 1
| #define HAVE_STRING_H 1
| #define HAVE_MEMORY_H 1
| #define HAVE_STRINGS_H 1
| #define HAVE_INTTYPES_H 1
| #define HAVE_STDINT_H 1
| #define HAVE_UNISTD_H 1
| #define __EXTENSIONS__ 1
| #define _ALL_SOURCE 1
| #define _GNU_SOURCE 1
| #define _POSIX_PTHREAD_SEMANTICS 1
| #define _TANDEM_SOURCE 1
| #define PROTOTYPES 1
| #define __PROTOTYPES 1
| #define HAVE_STRING_H 1
| #define ENABLE_NLS 1
| #define HAVE_GETTEXT 1
| #define HAVE_DCGETTEXT 1
| #define HAVE_LANGINFO_CODESET 1
| #define HAVE_LC_MESSAGES 1
| #define STDC_HEADERS 1
| #define HAVE_SYS_WAIT_H 1
| #define TIME_WITH_SYS_TIME 1
| #define HAVE_ARPA_INET_H 1
| #define HAVE_FCNTL_H 1
| #define HAVE_LIMITS_H 1
| #define HAVE_LOCALE_H 1
| #define HAVE_LIBINTL_H 1
| #define HAVE_MCHECK_H 1
| #define HAVE_NETDB_H 1
| #define HAVE_NETINET_IN_H 1
| #define HAVE_STDARG_H 1
| #define HAVE_STDDEF_H 1
| #define HAVE_STRING_H 1
| #define HAVE_SYS_PARAM_H 1
| #define HAVE_SYS_SOCKET_H 1
| #define HAVE_SYS_TIME_H 1
| #define HAVE_UNISTD_H 1
| #define HAVE_TERMIOS_H 1
| #define HAVE_STROPTS_H 1
| #define HAVE_WCHAR_H 1
| #define HAVE_WCTYPE_H 1
| #define HAVE_MEMORY_H 1
| #define RETSIGTYPE void
| #define GETGROUPS_T gid_t
| #define HAVE_LONG_LONG_INT 1
| #define HAVE_LONG_LONG 1
| #define HAVE_UNSIGNED_LONG_LONG_INT 1
| #define HAVE_UNSIGNED_LONG_LONG 1
| #define HAVE_INTTYPES_H_WITH_UINTMAX 1
| #define HAVE_STDINT_H_WITH_UINTMAX 1
| #define HAVE_INTMAX_T 1
| #define HAVE_UINTMAX_T 1
| #define SIZEOF_UNSIGNED_INT 4
| #define SIZEOF_UNSIGNED_LONG 8
| #define SPRINTF_RET int
| #define TIME_T_IN_SYS_TYPES_H 1
| #define HAVE_WCTYPE_T 1
| #define HAVE_WINT_T 1
| #define HAVE_SOCKADDR_STORAGE 1
| #define HAVE_VPRINTF 1
| #define HAVE_SYS_TIME_H 1
| #define HAVE_UNISTD_H 1
| #define HAVE_ALARM 1
| #define HAVE_MKTIME 1
| #define HAVE_GETADDRINFO 1
| #define HAVE_LIBM 1
| #define HAVE_LIBM 1
| /* end confdefs.h.  */
| 
| /* Override any GCC internal prototype to avoid an error.
|    Use char because int might match the return type of a GCC
|    builtin and then its argument prototype would still apply.  */
| #ifdef __cplusplus
| extern "C"
| #endif
| char ismod ();
| int
| main ()
| {
| return ismod ();
|   ;
|   return 0;
| }
configure:9287: result: no
configure:9769: checking for libsigsegv
configure:9788: gcc -o conftest -g -O2   conftest.c -lm -lm  -lsigsegv >&5
conftest.c:82:21: fatal error: sigsegv.h: No such file or directory
compilation terminated.
configure:9788: $? = 1
configure: failed program was:
| /* confdefs.h */
| #define PACKAGE_NAME "GNU Awk"
| #define PACKAGE_TARNAME "gawk"
| #define PACKAGE_VERSION "3.1.8"
| #define PACKAGE_STRING "GNU Awk 3.1.8"
| #define PACKAGE_BUGREPORT "bug-gawk@gnu.org"
| #define PACKAGE_URL "http://www.gnu.org/software/gawk/"
| #define PACKAGE "gawk"
| #define VERSION "3.1.8"
| #define STDC_HEADERS 1
| #define HAVE_SYS_TYPES_H 1
| #define HAVE_SYS_STAT_H 1
| #define HAVE_STDLIB_H 1
| #define HAVE_STRING_H 1
| #define HAVE_MEMORY_H 1
| #define HAVE_STRINGS_H 1
| #define HAVE_INTTYPES_H 1
| #define HAVE_STDINT_H 1
| #define HAVE_UNISTD_H 1
| #define __EXTENSIONS__ 1
| #define _ALL_SOURCE 1
| #define _GNU_SOURCE 1
| #define _POSIX_PTHREAD_SEMANTICS 1
| #define _TANDEM_SOURCE 1
| #define PROTOTYPES 1
| #define __PROTOTYPES 1
| #define HAVE_STRING_H 1
| #define ENABLE_NLS 1
| #define HAVE_GETTEXT 1
| #define HAVE_DCGETTEXT 1
| #define HAVE_LANGINFO_CODESET 1
| #define HAVE_LC_MESSAGES 1
| #define STDC_HEADERS 1
| #define HAVE_SYS_WAIT_H 1
| #define TIME_WITH_SYS_TIME 1
| #define HAVE_ARPA_INET_H 1
| #define HAVE_FCNTL_H 1
| #define HAVE_LIMITS_H 1
| #define HAVE_LOCALE_H 1
| #define HAVE_LIBINTL_H 1
| #define HAVE_MCHECK_H 1
| #define HAVE_NETDB_H 1
| #define HAVE_NETINET_IN_H 1
| #define HAVE_STDARG_H 1
| #define HAVE_STDDEF_H 1
| #define HAVE_STRING_H 1
| #define HAVE_SYS_PARAM_H 1
| #define HAVE_SYS_SOCKET_H 1
| #define HAVE_SYS_TIME_H 1
| #define HAVE_UNISTD_H 1
| #define HAVE_TERMIOS_H 1
| #define HAVE_STROPTS_H 1
| #define HAVE_WCHAR_H 1
| #define HAVE_WCTYPE_H 1
| #define HAVE_MEMORY_H 1
| #define RETSIGTYPE void
| #define GETGROUPS_T gid_t
| #define HAVE_LONG_LONG_INT 1
| #define HAVE_LONG_LONG 1
| #define HAVE_UNSIGNED_LONG_LONG_INT 1
| #define HAVE_UNSIGNED_LONG_LONG 1
| #define HAVE_INTTYPES_H_WITH_UINTMAX 1
| #define HAVE_STDINT_H_WITH_UINTMAX 1
| #define HAVE_INTMAX_T 1
| #define HAVE_UINTMAX_T 1
| #define SIZEOF_UNSIGNED_INT 4
| #define SIZEOF_UNSIGNED_LONG 8
| #define SPRINTF_RET int
| #define TIME_T_IN_SYS_TYPES_H 1
| #define HAVE_WCTYPE_T 1
| #define HAVE_WINT_T 1
| #define HAVE_SOCKADDR_STORAGE 1
| #define HAVE_VPRINTF 1
| #define HAVE_SYS_TIME_H 1
| #define HAVE_UNISTD_H 1
| #define HAVE_ALARM 1
| #define HAVE_MKTIME 1
| #define HAVE_GETADDRINFO 1
| #define HAVE_LIBM 1
| #define HAVE_LIBM 1
| /* end confdefs.h.  */
| #include <sigsegv.h>
| int
| main ()
| {
| sigsegv_deinstall_handler();
|   ;
|   return 0;
| }
configure:9798: result: no
configure:9838: checking for atexit
configure:9838: gcc -o conftest -g -O2   conftest.c -lm -lm  >&5
configure:9838: $? = 0
configure:9838: result: yes
configure:9838: checking for btowc
configure:9838: gcc -o conftest -g -O2   conftest.c -lm -lm  >&5
configure:9838: $? = 0
configure:9838: result: yes
configure:9838: checking for fmod
configure:9838: gcc -o conftest -g -O2   conftest.c -lm -lm  >&5
conftest.c:107:6: warning: conflicting types for built-in function 'fmod'
 char fmod ();
      ^
configure:9838: $? = 0
configure:9838: result: yes
configure:9838: checking for getgrent
configure:9838: gcc -o conftest -g -O2   conftest.c -lm -lm  >&5
configure:9838: $? = 0
configure:9838: result: yes
configure:9838: checking for getgroups
configure:9838: gcc -o conftest -g -O2   conftest.c -lm -lm  >&5
configure:9838: $? = 0
configure:9838: result: yes
configure:9838: checking for grantpt
configure:9838: gcc -o conftest -g -O2   conftest.c -lm -lm  >&5
configure:9838: $? = 0
configure:9838: result: yes
configure:9838: checking for isascii
configure:9838: gcc -o conftest -g -O2   conftest.c -lm -lm  >&5
conftest.c:111:6: warning: conflicting types for built-in function 'isascii'
 char isascii ();
      ^
configure:9838: $? = 0
configure:9838: result: yes
configure:9838: checking for iswctype
configure:9838: gcc -o conftest -g -O2   conftest.c -lm -lm  >&5
configure:9838: $? = 0
configure:9838: result: yes
configure:9838: checking for iswlower
configure:9838: gcc -o conftest -g -O2   conftest.c -lm -lm  >&5
conftest.c:113:6: warning: conflicting types for built-in function 'iswlower'
 char iswlower ();
      ^
configure:9838: $? = 0
configure:9838: result: yes
configure:9838: checking for iswupper
configure:9838: gcc -o conftest -g -O2   conftest.c -lm -lm  >&5
conftest.c:114:6: warning: conflicting types for built-in function 'iswupper'
 char iswupper ();
      ^
configure:9838: $? = 0
configure:9838: result: yes
configure:9838: checking for mbrlen
configure:9838: gcc -o conftest -g -O2   conftest.c -lm -lm  >&5
configure:9838: $? = 0
configure:9838: result: yes
configure:9838: checking for memcmp
configure:9838: gcc -o conftest -g -O2   conftest.c -lm -lm  >&5
conftest.c:116:6: warning: conflicting types for built-in function 'memcmp'
 char memcmp ();
      ^
configure:9838: $? = 0
configure:9838: result: yes
configure:9838: checking for memcpy
configure:9838: gcc -o conftest -g -O2   conftest.c -lm -lm  >&5
conftest.c:117:6: warning: conflicting types for built-in function 'memcpy'
 char memcpy ();
      ^
configure:9838: $? = 0
configure:9838: result: yes
configure:9838: checking for memcpy_ulong
configure:9838: gcc -o conftest -g -O2   conftest.c -lm -lm  >&5
/tmp/ccyNPCq7.o: In function `main':
/h/d8/b/elt14lpo/edaf35/project/gawk-3.1.8/conftest.c:129: undefined reference to `memcpy_ulong'
collect2: error: ld returned 1 exit status
configure:9838: $? = 1
configure: failed program was:
| /* confdefs.h */
| #define PACKAGE_NAME "GNU Awk"
| #define PACKAGE_TARNAME "gawk"
| #define PACKAGE_VERSION "3.1.8"
| #define PACKAGE_STRING "GNU Awk 3.1.8"
| #define PACKAGE_BUGREPORT "bug-gawk@gnu.org"
| #define PACKAGE_URL "http://www.gnu.org/software/gawk/"
| #define PACKAGE "gawk"
| #define VERSION "3.1.8"
| #define STDC_HEADERS 1
| #define HAVE_SYS_TYPES_H 1
| #define HAVE_SYS_STAT_H 1
| #define HAVE_STDLIB_H 1
| #define HAVE_STRING_H 1
| #define HAVE_MEMORY_H 1
| #define HAVE_STRINGS_H 1
| #define HAVE_INTTYPES_H 1
| #define HAVE_STDINT_H 1
| #define HAVE_UNISTD_H 1
| #define __EXTENSIONS__ 1
| #define _ALL_SOURCE 1
| #define _GNU_SOURCE 1
| #define _POSIX_PTHREAD_SEMANTICS 1
| #define _TANDEM_SOURCE 1
| #define PROTOTYPES 1
| #define __PROTOTYPES 1
| #define HAVE_STRING_H 1
| #define ENABLE_NLS 1
| #define HAVE_GETTEXT 1
| #define HAVE_DCGETTEXT 1
| #define HAVE_LANGINFO_CODESET 1
| #define HAVE_LC_MESSAGES 1
| #define STDC_HEADERS 1
| #define HAVE_SYS_WAIT_H 1
| #define TIME_WITH_SYS_TIME 1
| #define HAVE_ARPA_INET_H 1
| #define HAVE_FCNTL_H 1
| #define HAVE_LIMITS_H 1
| #define HAVE_LOCALE_H 1
| #define HAVE_LIBINTL_H 1
| #define HAVE_MCHECK_H 1
| #define HAVE_NETDB_H 1
| #define HAVE_NETINET_IN_H 1
| #define HAVE_STDARG_H 1
| #define HAVE_STDDEF_H 1
| #define HAVE_STRING_H 1
| #define HAVE_SYS_PARAM_H 1
| #define HAVE_SYS_SOCKET_H 1
| #define HAVE_SYS_TIME_H 1
| #define HAVE_UNISTD_H 1
| #define HAVE_TERMIOS_H 1
| #define HAVE_STROPTS_H 1
| #define HAVE_WCHAR_H 1
| #define HAVE_WCTYPE_H 1
| #define HAVE_MEMORY_H 1
| #define RETSIGTYPE void
| #define GETGROUPS_T gid_t
| #define HAVE_LONG_LONG_INT 1
| #define HAVE_LONG_LONG 1
| #define HAVE_UNSIGNED_LONG_LONG_INT 1
| #define HAVE_UNSIGNED_LONG_LONG 1
| #define HAVE_INTTYPES_H_WITH_UINTMAX 1
| #define HAVE_STDINT_H_WITH_UINTMAX 1
| #define HAVE_INTMAX_T 1
| #define HAVE_UINTMAX_T 1
| #define SIZEOF_UNSIGNED_INT 4
| #define SIZEOF_UNSIGNED_LONG 8
| #define SPRINTF_RET int
| #define TIME_T_IN_SYS_TYPES_H 1
| #define HAVE_WCTYPE_T 1
| #define HAVE_WINT_T 1
| #define HAVE_SOCKADDR_STORAGE 1
| #define HAVE_VPRINTF 1
| #define HAVE_SYS_TIME_H 1
| #define HAVE_UNISTD_H 1
| #define HAVE_ALARM 1
| #define HAVE_MKTIME 1
| #define HAVE_GETADDRINFO 1
| #define HAVE_LIBM 1
| #define HAVE_LIBM 1
| #define HAVE_ATEXIT 1
| #define HAVE_BTOWC 1
| #define HAVE_FMOD 1
| #define HAVE_GETGRENT 1
| #define HAVE_GETGROUPS 1
| #define HAVE_GRANTPT 1
| #define HAVE_ISASCII 1
| #define HAVE_ISWCTYPE 1
| #define HAVE_ISWLOWER 1
| #define HAVE_ISWUPPER 1
| #define HAVE_MBRLEN 1
| #define HAVE_MEMCMP 1
| #define HAVE_MEMCPY 1
| /* end confdefs.h.  */
| /* Define memcpy_ulong to an innocuous variant, in case <limits.h> declares memcpy_ulong.
|    For example, HP-UX 11i <limits.h> declares gettimeofday.  */
| #define memcpy_ulong innocuous_memcpy_ulong
| 
| /* System header to define __stub macros and hopefully few prototypes,
|     which can conflict with char memcpy_ulong (); below.
|     Prefer <limits.h> to <assert.h> if __STDC__ is defined, since
|     <limits.h> exists even on freestanding compilers.  */
| 
| #ifdef __STDC__
| # include <limits.h>
| #else
| # include <assert.h>
| #endif
| 
| #undef memcpy_ulong
| 
| /* Override any GCC internal prototype to avoid an error.
|    Use char because int might match the return type of a GCC
|    builtin and then its argument prototype would still apply.  */
| #ifdef __cplusplus
| extern "C"
| #endif
| char memcpy_ulong ();
| /* The GNU C library defines this for functions which it implements
|     to always fail with ENOSYS.  Some functions are actually named
|     something starting with __ and the normal name is an alias.  */
| #if defined __stub_memcpy_ulong || defined __stub___memcpy_ulong
| choke me
| #endif
| 
| int
| main ()
| {
| return memcpy_ulong ();
|   ;
|   return 0;
| }
configure:9838: result: no
configure:9838: checking for memmove
configure:9838: gcc -o conftest -g -O2   conftest.c -lm -lm  >&5
conftest.c:118:6: warning: conflicting types for built-in function 'memmove'
 char memmove ();
      ^
configure:9838: $? = 0
configure:9838: result: yes
configure:9838: checking for memset
configure:9838: gcc -o conftest -g -O2   conftest.c -lm -lm  >&5
conftest.c:119:6: warning: conflicting types for built-in function 'memset'
 char memset ();
      ^
configure:9838: $? = 0
configure:9838: result: yes
configure:9838: checking for memset_ulong
configure:9838: gcc -o conftest -g -O2   conftest.c -lm -lm  >&5
/tmp/ccuG63Fq.o: In function `main':
/h/d8/b/elt14lpo/edaf35/project/gawk-3.1.8/conftest.c:131: undefined reference to `memset_ulong'
collect2: error: ld returned 1 exit status
configure:9838: $? = 1
configure: failed program was:
| /* confdefs.h */
| #define PACKAGE_NAME "GNU Awk"
| #define PACKAGE_TARNAME "gawk"
| #define PACKAGE_VERSION "3.1.8"
| #define PACKAGE_STRING "GNU Awk 3.1.8"
| #define PACKAGE_BUGREPORT "bug-gawk@gnu.org"
| #define PACKAGE_URL "http://www.gnu.org/software/gawk/"
| #define PACKAGE "gawk"
| #define VERSION "3.1.8"
| #define STDC_HEADERS 1
| #define HAVE_SYS_TYPES_H 1
| #define HAVE_SYS_STAT_H 1
| #define HAVE_STDLIB_H 1
| #define HAVE_STRING_H 1
| #define HAVE_MEMORY_H 1
| #define HAVE_STRINGS_H 1
| #define HAVE_INTTYPES_H 1
| #define HAVE_STDINT_H 1
| #define HAVE_UNISTD_H 1
| #define __EXTENSIONS__ 1
| #define _ALL_SOURCE 1
| #define _GNU_SOURCE 1
| #define _POSIX_PTHREAD_SEMANTICS 1
| #define _TANDEM_SOURCE 1
| #define PROTOTYPES 1
| #define __PROTOTYPES 1
| #define HAVE_STRING_H 1
| #define ENABLE_NLS 1
| #define HAVE_GETTEXT 1
| #define HAVE_DCGETTEXT 1
| #define HAVE_LANGINFO_CODESET 1
| #define HAVE_LC_MESSAGES 1
| #define STDC_HEADERS 1
| #define HAVE_SYS_WAIT_H 1
| #define TIME_WITH_SYS_TIME 1
| #define HAVE_ARPA_INET_H 1
| #define HAVE_FCNTL_H 1
| #define HAVE_LIMITS_H 1
| #define HAVE_LOCALE_H 1
| #define HAVE_LIBINTL_H 1
| #define HAVE_MCHECK_H 1
| #define HAVE_NETDB_H 1
| #define HAVE_NETINET_IN_H 1
| #define HAVE_STDARG_H 1
| #define HAVE_STDDEF_H 1
| #define HAVE_STRING_H 1
| #define HAVE_SYS_PARAM_H 1
| #define HAVE_SYS_SOCKET_H 1
| #define HAVE_SYS_TIME_H 1
| #define HAVE_UNISTD_H 1
| #define HAVE_TERMIOS_H 1
| #define HAVE_STROPTS_H 1
| #define HAVE_WCHAR_H 1
| #define HAVE_WCTYPE_H 1
| #define HAVE_MEMORY_H 1
| #define RETSIGTYPE void
| #define GETGROUPS_T gid_t
| #define HAVE_LONG_LONG_INT 1
| #define HAVE_LONG_LONG 1
| #define HAVE_UNSIGNED_LONG_LONG_INT 1
| #define HAVE_UNSIGNED_LONG_LONG 1
| #define HAVE_INTTYPES_H_WITH_UINTMAX 1
| #define HAVE_STDINT_H_WITH_UINTMAX 1
| #define HAVE_INTMAX_T 1
| #define HAVE_UINTMAX_T 1
| #define SIZEOF_UNSIGNED_INT 4
| #define SIZEOF_UNSIGNED_LONG 8
| #define SPRINTF_RET int
| #define TIME_T_IN_SYS_TYPES_H 1
| #define HAVE_WCTYPE_T 1
| #define HAVE_WINT_T 1
| #define HAVE_SOCKADDR_STORAGE 1
| #define HAVE_VPRINTF 1
| #define HAVE_SYS_TIME_H 1
| #define HAVE_UNISTD_H 1
| #define HAVE_ALARM 1
| #define HAVE_MKTIME 1
| #define HAVE_GETADDRINFO 1
| #define HAVE_LIBM 1
| #define HAVE_LIBM 1
| #define HAVE_ATEXIT 1
| #define HAVE_BTOWC 1
| #define HAVE_FMOD 1
| #define HAVE_GETGRENT 1
| #define HAVE_GETGROUPS 1
| #define HAVE_GRANTPT 1
| #define HAVE_ISASCII 1
| #define HAVE_ISWCTYPE 1
| #define HAVE_ISWLOWER 1
| #define HAVE_ISWUPPER 1
| #define HAVE_MBRLEN 1
| #define HAVE_MEMCMP 1
| #define HAVE_MEMCPY 1
| #define HAVE_MEMMOVE 1
| #define HAVE_MEMSET 1
| /* end confdefs.h.  */
| /* Define memset_ulong to an innocuous variant, in case <limits.h> declares memset_ulong.
|    For example, HP-UX 11i <limits.h> declares gettimeofday.  */
| #define memset_ulong innocuous_memset_ulong
| 
| /* System header to define __stub macros and hopefully few prototypes,
|     which can conflict with char memset_ulong (); below.
|     Prefer <limits.h> to <assert.h> if __STDC__ is defined, since
|     <limits.h> exists even on freestanding compilers.  */
| 
| #ifdef __STDC__
| # include <limits.h>
| #else
| # include <assert.h>
| #endif
| 
| #undef memset_ulong
| 
| /* Override any GCC internal prototype to avoid an error.
|    Use char because int might match the return type of a GCC
|    builtin and then its argument prototype would still apply.  */
| #ifdef __cplusplus
| extern "C"
| #endif
| char memset_ulong ();
| /* The GNU C library defines this for functions which it implements
|     to always fail with ENOSYS.  Some functions are actually named
|     something starting with __ and the normal name is an alias.  */
| #if defined __stub_memset_ulong || defined __stub___memset_ulong
| choke me
| #endif
| 
| int
| main ()
| {
| return memset_ulong ();
|   ;
|   return 0;
| }
configure:9838: result: no
configure:9838: checking for mkstemp
configure:9838: gcc -o conftest -g -O2   conftest.c -lm -lm  >&5
configure:9838: $? = 0
configure:9838: result: yes
configure:9838: checking for setlocale
configure:9838: gcc -o conftest -g -O2   conftest.c -lm -lm  >&5
configure:9838: $? = 0
configure:9838: result: yes
configure:9838: checking for snprintf
configure:9838: gcc -o conftest -g -O2   conftest.c -lm -lm  >&5
conftest.c:122:6: warning: conflicting types for built-in function 'snprintf'
 char snprintf ();
      ^
configure:9838: $? = 0
configure:9838: result: yes
configure:9838: checking for strchr
configure:9838: gcc -o conftest -g -O2   conftest.c -lm -lm  >&5
conftest.c:123:6: warning: conflicting types for built-in function 'strchr'
 char strchr ();
      ^
configure:9838: $? = 0
configure:9838: result: yes
configure:9838: checking for strerror
configure:9838: gcc -o conftest -g -O2   conftest.c -lm -lm  >&5
configure:9838: $? = 0
configure:9838: result: yes
configure:9838: checking for strftime
configure:9838: gcc -o conftest -g -O2   conftest.c -lm -lm  >&5
conftest.c:125:6: warning: conflicting types for built-in function 'strftime'
 char strftime ();
      ^
configure:9838: $? = 0
configure:9838: result: yes
configure:9838: checking for strncasecmp
configure:9838: gcc -o conftest -g -O2   conftest.c -lm -lm  >&5
conftest.c:126:6: warning: conflicting types for built-in function 'strncasecmp'
 char strncasecmp ();
      ^
configure:9838: $? = 0
configure:9838: result: yes
configure:9838: checking for strtod
configure:9838: gcc -o conftest -g -O2   conftest.c -lm -lm  >&5
configure:9838: $? = 0
configure:9838: result: yes
configure:9838: checking for strtoul
configure:9838: gcc -o conftest -g -O2   conftest.c -lm -lm  >&5
configure:9838: $? = 0
configure:9838: result: yes
configure:9838: checking for system
configure:9838: gcc -o conftest -g -O2   conftest.c -lm -lm  >&5
configure:9838: $? = 0
configure:9838: result: yes
configure:9838: checking for tmpfile
configure:9838: gcc -o conftest -g -O2   conftest.c -lm -lm  >&5
configure:9838: $? = 0
configure:9838: result: yes
configure:9838: checking for towlower
configure:9838: gcc -o conftest -g -O2   conftest.c -lm -lm  >&5
conftest.c:131:6: warning: conflicting types for built-in function 'towlower'
 char towlower ();
      ^
configure:9838: $? = 0
configure:9838: result: yes
configure:9838: checking for towupper
configure:9838: gcc -o conftest -g -O2   conftest.c -lm -lm  >&5
conftest.c:132:6: warning: conflicting types for built-in function 'towupper'
 char towupper ();
      ^
configure:9838: $? = 0
configure:9838: result: yes
configure:9838: checking for tzset
configure:9838: gcc -o conftest -g -O2   conftest.c -lm -lm  >&5
configure:9838: $? = 0
configure:9838: result: yes
configure:9838: checking for usleep
configure:9838: gcc -o conftest -g -O2   conftest.c -lm -lm  >&5
configure:9838: $? = 0
configure:9838: result: yes
configure:9838: checking for wcrtomb
configure:9838: gcc -o conftest -g -O2   conftest.c -lm -lm  >&5
configure:9838: $? = 0
configure:9838: result: yes
configure:9838: checking for wcscoll
configure:9838: gcc -o conftest -g -O2   conftest.c -lm -lm  >&5
configure:9838: $? = 0
configure:9838: result: yes
configure:9838: checking for wcscoll
configure:9838: result: yes
configure:9838: checking for wctype
configure:9838: gcc -o conftest -g -O2   conftest.c -lm -lm  >&5
configure:9838: $? = 0
configure:9838: result: yes
configure:9848: checking whether mbrtowc and mbstate_t are properly declared
configure:9868: gcc -o conftest -g -O2   conftest.c -lm -lm  >&5
configure:9868: $? = 0
configure:9876: result: yes
configure:9885: checking dlfcn.h usability
configure:9885: gcc -c -g -O2  conftest.c >&5
configure:9885: $? = 0
configure:9885: result: yes
configure:9885: checking dlfcn.h presence
configure:9885: gcc -E  conftest.c
configure:9885: $? = 0
configure:9885: result: yes
configure:9885: checking for dlfcn.h
configure:9885: result: yes
configure:9905: checking for library containing dlopen
configure:9936: gcc -o conftest -g -O2   -export-dynamic conftest.c -lm -lm  >&5
/tmp/ccddylOj.o: In function `main':
/h/d8/b/elt14lpo/edaf35/project/gawk-3.1.8/conftest.c:129: undefined reference to `dlopen'
collect2: error: ld returned 1 exit status
configure:9936: $? = 1
configure: failed program was:
| /* confdefs.h */
| #define PACKAGE_NAME "GNU Awk"
| #define PACKAGE_TARNAME "gawk"
| #define PACKAGE_VERSION "3.1.8"
| #define PACKAGE_STRING "GNU Awk 3.1.8"
| #define PACKAGE_BUGREPORT "bug-gawk@gnu.org"
| #define PACKAGE_URL "http://www.gnu.org/software/gawk/"
| #define PACKAGE "gawk"
| #define VERSION "3.1.8"
| #define STDC_HEADERS 1
| #define HAVE_SYS_TYPES_H 1
| #define HAVE_SYS_STAT_H 1
| #define HAVE_STDLIB_H 1
| #define HAVE_STRING_H 1
| #define HAVE_MEMORY_H 1
| #define HAVE_STRINGS_H 1
| #define HAVE_INTTYPES_H 1
| #define HAVE_STDINT_H 1
| #define HAVE_UNISTD_H 1
| #define __EXTENSIONS__ 1
| #define _ALL_SOURCE 1
| #define _GNU_SOURCE 1
| #define _POSIX_PTHREAD_SEMANTICS 1
| #define _TANDEM_SOURCE 1
| #define PROTOTYPES 1
| #define __PROTOTYPES 1
| #define HAVE_STRING_H 1
| #define ENABLE_NLS 1
| #define HAVE_GETTEXT 1
| #define HAVE_DCGETTEXT 1
| #define HAVE_LANGINFO_CODESET 1
| #define HAVE_LC_MESSAGES 1
| #define STDC_HEADERS 1
| #define HAVE_SYS_WAIT_H 1
| #define TIME_WITH_SYS_TIME 1
| #define HAVE_ARPA_INET_H 1
| #define HAVE_FCNTL_H 1
| #define HAVE_LIMITS_H 1
| #define HAVE_LOCALE_H 1
| #define HAVE_LIBINTL_H 1
| #define HAVE_MCHECK_H 1
| #define HAVE_NETDB_H 1
| #define HAVE_NETINET_IN_H 1
| #define HAVE_STDARG_H 1
| #define HAVE_STDDEF_H 1
| #define HAVE_STRING_H 1
| #define HAVE_SYS_PARAM_H 1
| #define HAVE_SYS_SOCKET_H 1
| #define HAVE_SYS_TIME_H 1
| #define HAVE_UNISTD_H 1
| #define HAVE_TERMIOS_H 1
| #define HAVE_STROPTS_H 1
| #define HAVE_WCHAR_H 1
| #define HAVE_WCTYPE_H 1
| #define HAVE_MEMORY_H 1
| #define RETSIGTYPE void
| #define GETGROUPS_T gid_t
| #define HAVE_LONG_LONG_INT 1
| #define HAVE_LONG_LONG 1
| #define HAVE_UNSIGNED_LONG_LONG_INT 1
| #define HAVE_UNSIGNED_LONG_LONG 1
| #define HAVE_INTTYPES_H_WITH_UINTMAX 1
| #define HAVE_STDINT_H_WITH_UINTMAX 1
| #define HAVE_INTMAX_T 1
| #define HAVE_UINTMAX_T 1
| #define SIZEOF_UNSIGNED_INT 4
| #define SIZEOF_UNSIGNED_LONG 8
| #define SPRINTF_RET int
| #define TIME_T_IN_SYS_TYPES_H 1
| #define HAVE_WCTYPE_T 1
| #define HAVE_WINT_T 1
| #define HAVE_SOCKADDR_STORAGE 1
| #define HAVE_VPRINTF 1
| #define HAVE_SYS_TIME_H 1
| #define HAVE_UNISTD_H 1
| #define HAVE_ALARM 1
| #define HAVE_MKTIME 1
| #define HAVE_GETADDRINFO 1
| #define HAVE_LIBM 1
| #define HAVE_LIBM 1
| #define HAVE_ATEXIT 1
| #define HAVE_BTOWC 1
| #define HAVE_FMOD 1
| #define HAVE_GETGRENT 1
| #define HAVE_GETGROUPS 1
| #define HAVE_GRANTPT 1
| #define HAVE_ISASCII 1
| #define HAVE_ISWCTYPE 1
| #define HAVE_ISWLOWER 1
| #define HAVE_ISWUPPER 1
| #define HAVE_MBRLEN 1
| #define HAVE_MEMCMP 1
| #define HAVE_MEMCPY 1
| #define HAVE_MEMMOVE 1
| #define HAVE_MEMSET 1
| #define HAVE_MKSTEMP 1
| #define HAVE_SETLOCALE 1
| #define HAVE_SNPRINTF 1
| #define HAVE_STRCHR 1
| #define HAVE_STRERROR 1
| #define HAVE_STRFTIME 1
| #define HAVE_STRNCASECMP 1
| #define HAVE_STRTOD 1
| #define HAVE_STRTOUL 1
| #define HAVE_SYSTEM 1
| #define HAVE_TMPFILE 1
| #define HAVE_TOWLOWER 1
| #define HAVE_TOWUPPER 1
| #define HAVE_TZSET 1
| #define HAVE_USLEEP 1
| #define HAVE_WCRTOMB 1
| #define HAVE_WCSCOLL 1
| #define HAVE_WCSCOLL 1
| #define HAVE_WCTYPE 1
| #define HAVE_MBRTOWC 1
| #define DYNAMIC 1
| /* end confdefs.h.  */
| 
| /* Override any GCC internal prototype to avoid an error.
|    Use char because int might match the return type of a GCC
|    builtin and then its argument prototype would still apply.  */
| #ifdef __cplusplus
| extern "C"
| #endif
| char dlopen ();
| int
| main ()
| {
| return dlopen ();
|   ;
|   return 0;
| }
configure:9936: gcc -o conftest -g -O2   -export-dynamic conftest.c -ldl  -lm -lm  >&5
configure:9936: $? = 0
configure:9953: result: -ldl
configure:9972: checking whether getpgrp requires zero arguments
configure:9989: gcc -c -g -O2  conftest.c >&5
conftest.c: In function 'main':
conftest.c:154:1: error: too many arguments to function 'getpgrp'
 getpgrp (0);
 ^
In file included from conftest.c:149:0:
/usr/include/unistd.h:637:16: note: declared here
 extern __pid_t getpgrp (void) __THROW;
                ^
configure:9989: $? = 1
configure: failed program was:
| /* confdefs.h */
| #define PACKAGE_NAME "GNU Awk"
| #define PACKAGE_TARNAME "gawk"
| #define PACKAGE_VERSION "3.1.8"
| #define PACKAGE_STRING "GNU Awk 3.1.8"
| #define PACKAGE_BUGREPORT "bug-gawk@gnu.org"
| #define PACKAGE_URL "http://www.gnu.org/software/gawk/"
| #define PACKAGE "gawk"
| #define VERSION "3.1.8"
| #define STDC_HEADERS 1
| #define HAVE_SYS_TYPES_H 1
| #define HAVE_SYS_STAT_H 1
| #define HAVE_STDLIB_H 1
| #define HAVE_STRING_H 1
| #define HAVE_MEMORY_H 1
| #define HAVE_STRINGS_H 1
| #define HAVE_INTTYPES_H 1
| #define HAVE_STDINT_H 1
| #define HAVE_UNISTD_H 1
| #define __EXTENSIONS__ 1
| #define _ALL_SOURCE 1
| #define _GNU_SOURCE 1
| #define _POSIX_PTHREAD_SEMANTICS 1
| #define _TANDEM_SOURCE 1
| #define PROTOTYPES 1
| #define __PROTOTYPES 1
| #define HAVE_STRING_H 1
| #define ENABLE_NLS 1
| #define HAVE_GETTEXT 1
| #define HAVE_DCGETTEXT 1
| #define HAVE_LANGINFO_CODESET 1
| #define HAVE_LC_MESSAGES 1
| #define STDC_HEADERS 1
| #define HAVE_SYS_WAIT_H 1
| #define TIME_WITH_SYS_TIME 1
| #define HAVE_ARPA_INET_H 1
| #define HAVE_FCNTL_H 1
| #define HAVE_LIMITS_H 1
| #define HAVE_LOCALE_H 1
| #define HAVE_LIBINTL_H 1
| #define HAVE_MCHECK_H 1
| #define HAVE_NETDB_H 1
| #define HAVE_NETINET_IN_H 1
| #define HAVE_STDARG_H 1
| #define HAVE_STDDEF_H 1
| #define HAVE_STRING_H 1
| #define HAVE_SYS_PARAM_H 1
| #define HAVE_SYS_SOCKET_H 1
| #define HAVE_SYS_TIME_H 1
| #define HAVE_UNISTD_H 1
| #define HAVE_TERMIOS_H 1
| #define HAVE_STROPTS_H 1
| #define HAVE_WCHAR_H 1
| #define HAVE_WCTYPE_H 1
| #define HAVE_MEMORY_H 1
| #define RETSIGTYPE void
| #define GETGROUPS_T gid_t
| #define HAVE_LONG_LONG_INT 1
| #define HAVE_LONG_LONG 1
| #define HAVE_UNSIGNED_LONG_LONG_INT 1
| #define HAVE_UNSIGNED_LONG_LONG 1
| #define HAVE_INTTYPES_H_WITH_UINTMAX 1
| #define HAVE_STDINT_H_WITH_UINTMAX 1
| #define HAVE_INTMAX_T 1
| #define HAVE_UINTMAX_T 1
| #define SIZEOF_UNSIGNED_INT 4
| #define SIZEOF_UNSIGNED_LONG 8
| #define SPRINTF_RET int
| #define TIME_T_IN_SYS_TYPES_H 1
| #define HAVE_WCTYPE_T 1
| #define HAVE_WINT_T 1
| #define HAVE_SOCKADDR_STORAGE 1
| #define HAVE_VPRINTF 1
| #define HAVE_SYS_TIME_H 1
| #define HAVE_UNISTD_H 1
| #define HAVE_ALARM 1
| #define HAVE_MKTIME 1
| #define HAVE_GETADDRINFO 1
| #define HAVE_LIBM 1
| #define HAVE_LIBM 1
| #define HAVE_ATEXIT 1
| #define HAVE_BTOWC 1
| #define HAVE_FMOD 1
| #define HAVE_GETGRENT 1
| #define HAVE_GETGROUPS 1
| #define HAVE_GRANTPT 1
| #define HAVE_ISASCII 1
| #define HAVE_ISWCTYPE 1
| #define HAVE_ISWLOWER 1
| #define HAVE_ISWUPPER 1
| #define HAVE_MBRLEN 1
| #define HAVE_MEMCMP 1
| #define HAVE_MEMCPY 1
| #define HAVE_MEMMOVE 1
| #define HAVE_MEMSET 1
| #define HAVE_MKSTEMP 1
| #define HAVE_SETLOCALE 1
| #define HAVE_SNPRINTF 1
| #define HAVE_STRCHR 1
| #define HAVE_STRERROR 1
| #define HAVE_STRFTIME 1
| #define HAVE_STRNCASECMP 1
| #define HAVE_STRTOD 1
| #define HAVE_STRTOUL 1
| #define HAVE_SYSTEM 1
| #define HAVE_TMPFILE 1
| #define HAVE_TOWLOWER 1
| #define HAVE_TOWUPPER 1
| #define HAVE_TZSET 1
| #define HAVE_USLEEP 1
| #define HAVE_WCRTOMB 1
| #define HAVE_WCSCOLL 1
| #define HAVE_WCSCOLL 1
| #define HAVE_WCTYPE 1
| #define HAVE_MBRTOWC 1
| #define DYNAMIC 1
| /* end confdefs.h.  */
| #include <stdio.h>
| #ifdef HAVE_SYS_TYPES_H
| # include <sys/types.h>
| #endif
| #ifdef HAVE_SYS_STAT_H
| # include <sys/stat.h>
| #endif
| #ifdef STDC_HEADERS
| # include <stdlib.h>
| # include <stddef.h>
| #else
| # ifdef HAVE_STDLIB_H
| #  include <stdlib.h>
| # endif
| #endif
| #ifdef HAVE_STRING_H
| # if !defined STDC_HEADERS && defined HAVE_MEMORY_H
| #  include <memory.h>
| # endif
| # include <string.h>
| #endif
| #ifdef HAVE_STRINGS_H
| # include <strings.h>
| #endif
| #ifdef HAVE_INTTYPES_H
| # include <inttypes.h>
| #endif
| #ifdef HAVE_STDINT_H
| # include <stdint.h>
| #endif
| #ifdef HAVE_UNISTD_H
| # include <unistd.h>
| #endif
| int
| main ()
| {
| getpgrp (0);
|   ;
|   return 0;
| }
configure:9997: result: yes
configure:10008: checking for printf %F format
configure:10031: gcc -o conftest -g -O2   -export-dynamic conftest.c -ldl -lm -lm  >&5
conftest.c: In function 'main':
conftest.c:128:6: warning: implicit declaration of function 'strcmp' [-Wimplicit-function-declaration]
  if (strcmp(buf, "123.450000") == 0)
      ^
configure:10031: $? = 0
configure:10031: ./conftest
configure:10031: $? = 0
configure:10045: result: yes
configure:10073: checking for gethostbyname
configure:10073: gcc -o conftest -g -O2   -export-dynamic conftest.c -ldl -lm -lm  >&5
configure:10073: $? = 0
configure:10073: result: yes
configure:10128: checking for connect
configure:10128: gcc -o conftest -g -O2   -export-dynamic conftest.c -ldl -lm -lm  >&5
configure:10128: $? = 0
configure:10128: result: yes
configure:10182: checking where to find the socket library calls
configure:10188: result: the standard library
configure:10197: checking for struct stat.st_blksize
configure:10197: gcc -c -g -O2  conftest.c >&5
configure:10197: $? = 0
configure:10197: result: yes
configure:10210: checking whether time.h and sys/time.h may both be included
configure:10237: result: yes
configure:10245: checking whether struct tm is in sys/time.h or time.h
configure:10265: gcc -c -g -O2  conftest.c >&5
configure:10265: $? = 0
configure:10272: result: time.h
configure:10280: checking for struct tm.tm_zone
configure:10280: gcc -c -g -O2  conftest.c >&5
configure:10280: $? = 0
configure:10280: result: yes
configure:10348: checking whether char is unsigned
configure:10367: gcc -c -g -O2  conftest.c >&5
configure:10367: $? = 0
configure:10374: result: no
configure:10381: checking for an ANSI C-conforming const
configure:10447: gcc -c -g -O2  conftest.c >&5
configure:10447: $? = 0
configure:10454: result: yes
configure:10462: checking for C/C++ restrict keyword
configure:10487: gcc -c -g -O2  conftest.c >&5
configure:10487: $? = 0
configure:10495: result: __restrict
configure:10508: checking for inline
configure:10524: gcc -c -g -O2  conftest.c >&5
configure:10524: $? = 0
configure:10532: result: inline
configure:10550: checking for preprocessor stringizing operator
configure:10570: result: yes
configure:10718: creating ./config.status

## ---------------------- ##
## Running config.status. ##
## ---------------------- ##

This file was extended by GNU Awk config.status 3.1.8, which was
generated by GNU Autoconf 2.69.  Invocation command line was

  CONFIG_FILES    = 
  CONFIG_HEADERS  = 
  CONFIG_LINKS    = 
  CONFIG_COMMANDS = 
  $ ./config.status 

on varg-3

config.status:1004: creating Makefile
config.status:1004: creating awklib/Makefile
config.status:1004: creating doc/Makefile
config.status:1004: creating po/Makefile.in
config.status:1004: creating test/Makefile
config.status:1004: creating config.h
config.status:1185: config.h is unchanged
config.status:1233: executing depfiles commands
config.status:1233: executing po-directories commands

## ---------------- ##
## Cache variables. ##
## ---------------- ##

ac_cv_build=x86_64-unknown-linux-gnu
ac_cv_c_char_unsigned=no
ac_cv_c_compiler_gnu=yes
ac_cv_c_const=yes
ac_cv_c_inline=inline
ac_cv_c_restrict=__restrict
ac_cv_c_stringize=yes
ac_cv_env_CC_set=
ac_cv_env_CC_value=
ac_cv_env_CFLAGS_set=
ac_cv_env_CFLAGS_value=
ac_cv_env_CPPFLAGS_set=
ac_cv_env_CPPFLAGS_value=
ac_cv_env_CPP_set=
ac_cv_env_CPP_value=
ac_cv_env_LDFLAGS_set=
ac_cv_env_LDFLAGS_value=
ac_cv_env_LIBS_set=
ac_cv_env_LIBS_value=
ac_cv_env_YACC_set=
ac_cv_env_YACC_value=
ac_cv_env_YFLAGS_set=
ac_cv_env_YFLAGS_value=
ac_cv_env_build_alias_set=
ac_cv_env_build_alias_value=
ac_cv_env_host_alias_set=
ac_cv_env_host_alias_value=
ac_cv_env_target_alias_set=
ac_cv_env_target_alias_value=
ac_cv_func__doprnt=no
ac_cv_func_alarm=yes
ac_cv_func_atexit=yes
ac_cv_func_btowc=yes
ac_cv_func_connect=yes
ac_cv_func_fmod=yes
ac_cv_func_getaddrinfo=yes
ac_cv_func_getgrent=yes
ac_cv_func_getgroups=yes
ac_cv_func_gethostbyname=yes
ac_cv_func_getpgrp_void=yes
ac_cv_func_grantpt=yes
ac_cv_func_isascii=yes
ac_cv_func_iswctype=yes
ac_cv_func_iswlower=yes
ac_cv_func_iswupper=yes
ac_cv_func_mbrlen=yes
ac_cv_func_mbrtowc=yes
ac_cv_func_memcmp=yes
ac_cv_func_memcpy=yes
ac_cv_func_memcpy_ulong=no
ac_cv_func_memmove=yes
ac_cv_func_memset=yes
ac_cv_func_memset_ulong=no
ac_cv_func_mkstemp=yes
ac_cv_func_setlocale=yes
ac_cv_func_snprintf=yes
ac_cv_func_strchr=yes
ac_cv_func_strerror=yes
ac_cv_func_strftime=yes
ac_cv_func_strncasecmp=yes
ac_cv_func_strtod=yes
ac_cv_func_strtoul=yes
ac_cv_func_system=yes
ac_cv_func_tmpfile=yes
ac_cv_func_towlower=yes
ac_cv_func_towupper=yes
ac_cv_func_tzset=yes
ac_cv_func_usleep=yes
ac_cv_func_vprintf=yes
ac_cv_func_wcrtomb=yes
ac_cv_func_wcscoll=yes
ac_cv_func_wctype=yes
ac_cv_func_working_mktime=yes
ac_cv_header_arpa_inet_h=yes
ac_cv_header_dlfcn_h=yes
ac_cv_header_fcntl_h=yes
ac_cv_header_inttypes_h=yes
ac_cv_header_libintl_h=yes
ac_cv_header_limits_h=yes
ac_cv_header_locale_h=yes
ac_cv_header_mcheck_h=yes
ac_cv_header_memory_h=yes
ac_cv_header_minix_config_h=no
ac_cv_header_netdb_h=yes
ac_cv_header_netinet_in_h=yes
ac_cv_header_stdarg_h=yes
ac_cv_header_stdc=yes
ac_cv_header_stddef_h=yes
ac_cv_header_stdint_h=yes
ac_cv_header_stdlib_h=yes
ac_cv_header_string_h=yes
ac_cv_header_strings_h=yes
ac_cv_header_stropts_h=yes
ac_cv_header_sys_param_h=yes
ac_cv_header_sys_socket_h=yes
ac_cv_header_sys_stat_h=yes
ac_cv_header_sys_time_h=yes
ac_cv_header_sys_types_h=yes
ac_cv_header_sys_wait_h=yes
ac_cv_header_termios_h=yes
ac_cv_header_time=yes
ac_cv_header_unistd_h=yes
ac_cv_header_wchar_h=yes
ac_cv_header_wctype_h=yes
ac_cv_host=x86_64-unknown-linux-gnu
ac_cv_lib_cposix_strerror=no
ac_cv_lib_m_fmod=yes
ac_cv_lib_m_isinf=yes
ac_cv_lib_m_ismod=no
ac_cv_libsigsegv=no
ac_cv_member_struct_stat_st_blksize=yes
ac_cv_member_struct_tm_tm_zone=yes
ac_cv_objext=o
ac_cv_path_EGREP='/bin/grep -E'
ac_cv_path_GMSGFMT=/usr/bin/msgfmt
ac_cv_path_GREP=/bin/grep
ac_cv_path_MSGFMT=/usr/bin/msgfmt
ac_cv_path_MSGMERGE=/usr/bin/msgmerge
ac_cv_path_XGETTEXT=/usr/bin/xgettext
ac_cv_path_mkdir=/bin/mkdir
ac_cv_prog_AWK=gawk
ac_cv_prog_CPP='gcc -E'
ac_cv_prog_YACC='bison -y'
ac_cv_prog_ac_ct_CC=gcc
ac_cv_prog_cc_c89=
ac_cv_prog_cc_g=yes
ac_cv_prog_make_make_set=yes
ac_cv_safe_to_define___extensions__=yes
ac_cv_search_dlopen=-ldl
ac_cv_sizeof_unsigned_int=4
ac_cv_sizeof_unsigned_long=8
ac_cv_struct_tm=time.h
ac_cv_sys_file_offset_bits=no
ac_cv_sys_largefile_CC=no
ac_cv_type_getgroups=gid_t
ac_cv_type_long_long=yes
ac_cv_type_long_long_int=yes
ac_cv_type_pid_t=yes
ac_cv_type_signal=void
ac_cv_type_size_t=yes
ac_cv_type_socklen_t=yes
ac_cv_type_ssize_t=yes
ac_cv_type_uid_t=yes
ac_cv_type_unsigned_long_long=yes
ac_cv_type_unsigned_long_long_int=yes
ac_cv_zos_uss=no
acl_cv_hardcode_direct=no
acl_cv_hardcode_libdir_flag_spec='${wl}-rpath ${wl}$libdir'
acl_cv_hardcode_libdir_separator=
acl_cv_hardcode_minus_L=no
acl_cv_libext=a
acl_cv_libname_spec='lib$name'
acl_cv_library_names_spec='$libname$shrext'
acl_cv_path_LD=/usr/bin/ld
acl_cv_prog_gnu_ld=yes
acl_cv_rpath=done
acl_cv_shlibext=so
acl_cv_wl=-Wl,
am_cv_CC_dependencies_compiler_type=gcc3
am_cv_langinfo_codeset=yes
gawk_cv_aix_hack=no
gawk_cv_linux_alpha_hack=no
gl_cv_header_inttypes_h=yes
gl_cv_header_stdint_h=yes
gl_cv_lib_sigsegv=no
gt_cv_func_CFLocaleCopyCurrent=no
gt_cv_func_CFPreferencesCopyAppValue=no
gt_cv_func_gnugettext1_libc=yes
gt_cv_val_LC_MESSAGES=yes

## ----------------- ##
## Output variables. ##
## ----------------- ##

ACLOCAL='${SHELL} /h/d8/b/elt14lpo/edaf35/project/gawk-3.1.8/missing --run aclocal-1.11'
AMDEPBACKSLASH='\'
AMDEP_FALSE='#'
AMDEP_TRUE=''
AMTAR='${SHELL} /h/d8/b/elt14lpo/edaf35/project/gawk-3.1.8/missing --run tar'
ANSI2KNR=''
AUTOCONF='${SHELL} /h/d8/b/elt14lpo/edaf35/project/gawk-3.1.8/missing --run autoconf'
AUTOHEADER='${SHELL} /h/d8/b/elt14lpo/edaf35/project/gawk-3.1.8/missing --run autoheader'
AUTOMAKE='${SHELL} /h/d8/b/elt14lpo/edaf35/project/gawk-3.1.8/missing --run automake-1.11'
AWK='gawk'
CC='gcc'
CCDEPMODE='depmode=gcc3'
CFLAGS='-g -O2'
CPP='gcc -E'
CPPFLAGS=''
CYGPATH_W='echo'
DEFS='-DHAVE_CONFIG_H'
DEPDIR='.deps'
ECHO_C=''
ECHO_N='-n'
ECHO_T=''
EGREP='/bin/grep -E'
EXEEXT=''
GETTEXT_MACRO_VERSION='0.17'
GMSGFMT='/usr/bin/msgfmt'
GMSGFMT_015='/usr/bin/msgfmt'
GREP='/bin/grep'
HAVE_LIBSIGSEGV='no'
INSTALL_DATA='${INSTALL} -m 644'
INSTALL_PROGRAM='${INSTALL}'
INSTALL_SCRIPT='${INSTALL}'
INSTALL_STRIP_PROGRAM='$(install_sh) -c -s'
INTLLIBS=''
INTL_MACOSX_LIBS=''
LDFLAGS=' -export-dynamic'
LIBICONV='-liconv'
LIBINTL=''
LIBOBJS=''
LIBS='-ldl -lm -lm '
LIBSIGSEGV=''
LIBSIGSEGV_PREFIX=''
LN_S='ln -s'
LTLIBICONV='-liconv'
LTLIBINTL=''
LTLIBOBJS=''
LTLIBSIGSEGV=''
MAKEINFO='${SHELL} /h/d8/b/elt14lpo/edaf35/project/gawk-3.1.8/missing --run makeinfo'
MKDIR_P='/bin/mkdir -p'
MSGFMT='/usr/bin/msgfmt'
MSGFMT_015='/usr/bin/msgfmt'
MSGMERGE='/usr/bin/msgmerge'
OBJEXT='o'
PACKAGE='gawk'
PACKAGE_BUGREPORT='bug-gawk@gnu.org'
PACKAGE_NAME='GNU Awk'
PACKAGE_STRING='GNU Awk 3.1.8'
PACKAGE_TARNAME='gawk'
PACKAGE_URL='http://www.gnu.org/software/gawk/'
PACKAGE_VERSION='3.1.8'
PATH_SEPARATOR=':'
POSUB='po'
SET_MAKE=''
SHELL='/bin/bash'
SOCKET_LIBS=''
STRIP=''
U=''
USE_NLS='yes'
VERSION='3.1.8'
XGETTEXT='/usr/bin/xgettext'
XGETTEXT_015='/usr/bin/xgettext'
XGETTEXT_EXTRA_OPTIONS=''
YACC='bison -y'
YFLAGS=''
ac_ct_CC='gcc'
am__EXEEXT_FALSE=''
am__EXEEXT_TRUE='#'
am__fastdepCC_FALSE='#'
am__fastdepCC_TRUE=''
am__include='include'
am__isrc=''
am__leading_dot='.'
am__quote=''
am__tar='${AMTAR} chof - "$$tardir"'
am__untar='${AMTAR} xf -'
bindir='${exec_prefix}/bin'
build='x86_64-unknown-linux-gnu'
build_alias=''
build_cpu='x86_64'
build_os='linux-gnu'
build_vendor='unknown'
datadir='${datarootdir}'
datarootdir='${prefix}/share'
docdir='${datarootdir}/doc/${PACKAGE_TARNAME}'
dvidir='${docdir}'
exec_prefix='${prefix}'
host='x86_64-unknown-linux-gnu'
host_alias=''
host_cpu='x86_64'
host_os='linux-gnu'
host_vendor='unknown'
htmldir='${docdir}'
includedir='${prefix}/include'
infodir='${datarootdir}/info'
install_sh='${SHELL} /h/d8/b/elt14lpo/edaf35/project/gawk-3.1.8/install-sh'
libdir='${exec_prefix}/lib'
libexecdir='${exec_prefix}/libexec'
localedir='${datarootdir}/locale'
localstatedir='${prefix}/var'
mandir='${datarootdir}/man'
mkdir_p='/bin/mkdir -p'
oldincludedir='/usr/include'
pdfdir='${docdir}'
prefix='/usr/local'
program_transform_name='s,x,x,'
psdir='${docdir}'
runstatedir='${localstatedir}/run'
sbindir='${exec_prefix}/sbin'
sharedstatedir='${prefix}/com'
sysconfdir='${prefix}/etc'
target_alias=''

## ----------- ##
## confdefs.h. ##
## ----------- ##

/* confdefs.h */
#define PACKAGE_NAME "GNU Awk"
#define PACKAGE_TARNAME "gawk"
#define PACKAGE_VERSION "3.1.8"
#define PACKAGE_STRING "GNU Awk 3.1.8"
#define PACKAGE_BUGREPORT "bug-gawk@gnu.org"
#define PACKAGE_URL "http://www.gnu.org/software/gawk/"
#define PACKAGE "gawk"
#define VERSION "3.1.8"
#define STDC_HEADERS 1
#define HAVE_SYS_TYPES_H 1
#define HAVE_SYS_STAT_H 1
#define HAVE_STDLIB_H 1
#define HAVE_STRING_H 1
#define HAVE_MEMORY_H 1
#define HAVE_STRINGS_H 1
#define HAVE_INTTYPES_H 1
#define HAVE_STDINT_H 1
#define HAVE_UNISTD_H 1
#define __EXTENSIONS__ 1
#define _ALL_SOURCE 1
#define _GNU_SOURCE 1
#define _POSIX_PTHREAD_SEMANTICS 1
#define _TANDEM_SOURCE 1
#define PROTOTYPES 1
#define __PROTOTYPES 1
#define HAVE_STRING_H 1
#define ENABLE_NLS 1
#define HAVE_GETTEXT 1
#define HAVE_DCGETTEXT 1
#define HAVE_LANGINFO_CODESET 1
#define HAVE_LC_MESSAGES 1
#define STDC_HEADERS 1
#define HAVE_SYS_WAIT_H 1
#define TIME_WITH_SYS_TIME 1
#define HAVE_ARPA_INET_H 1
#define HAVE_FCNTL_H 1
#define HAVE_LIMITS_H 1
#define HAVE_LOCALE_H 1
#define HAVE_LIBINTL_H 1
#define HAVE_MCHECK_H 1
#define HAVE_NETDB_H 1
#define HAVE_NETINET_IN_H 1
#define HAVE_STDARG_H 1
#define HAVE_STDDEF_H 1
#define HAVE_STRING_H 1
#define HAVE_SYS_PARAM_H 1
#define HAVE_SYS_SOCKET_H 1
#define HAVE_SYS_TIME_H 1
#define HAVE_UNISTD_H 1
#define HAVE_TERMIOS_H 1
#define HAVE_STROPTS_H 1
#define HAVE_WCHAR_H 1
#define HAVE_WCTYPE_H 1
#define HAVE_MEMORY_H 1
#define RETSIGTYPE void
#define GETGROUPS_T gid_t
#define HAVE_LONG_LONG_INT 1
#define HAVE_LONG_LONG 1
#define HAVE_UNSIGNED_LONG_LONG_INT 1
#define HAVE_UNSIGNED_LONG_LONG 1
#define HAVE_INTTYPES_H_WITH_UINTMAX 1
#define HAVE_STDINT_H_WITH_UINTMAX 1
#define HAVE_INTMAX_T 1
#define HAVE_UINTMAX_T 1
#define SIZEOF_UNSIGNED_INT 4
#define SIZEOF_UNSIGNED_LONG 8
#define SPRINTF_RET int
#define TIME_T_IN_SYS_TYPES_H 1
#define HAVE_WCTYPE_T 1
#define HAVE_WINT_T 1
#define HAVE_SOCKADDR_STORAGE 1
#define HAVE_VPRINTF 1
#define HAVE_SYS_TIME_H 1
#define HAVE_UNISTD_H 1
#define HAVE_ALARM 1
#define HAVE_MKTIME 1
#define HAVE_GETADDRINFO 1
#define HAVE_LIBM 1
#define HAVE_LIBM 1
#define HAVE_ATEXIT 1
#define HAVE_BTOWC 1
#define HAVE_FMOD 1
#define HAVE_GETGRENT 1
#define HAVE_GETGROUPS 1
#define HAVE_GRANTPT 1
#define HAVE_ISASCII 1
#define HAVE_ISWCTYPE 1
#define HAVE_ISWLOWER 1
#define HAVE_ISWUPPER 1
#define HAVE_MBRLEN 1
#define HAVE_MEMCMP 1
#define HAVE_MEMCPY 1
#define HAVE_MEMMOVE 1
#define HAVE_MEMSET 1
#define HAVE_MKSTEMP 1
#define HAVE_SETLOCALE 1
#define HAVE_SNPRINTF 1
#define HAVE_STRCHR 1
#define HAVE_STRERROR 1
#define HAVE_STRFTIME 1
#define HAVE_STRNCASECMP 1
#define HAVE_STRTOD 1
#define HAVE_STRTOUL 1
#define HAVE_SYSTEM 1
#define HAVE_TMPFILE 1
#define HAVE_TOWLOWER 1
#define HAVE_TOWUPPER 1
#define HAVE_TZSET 1
#define HAVE_USLEEP 1
#define HAVE_WCRTOMB 1
#define HAVE_WCSCOLL 1
#define HAVE_WCSCOLL 1
#define HAVE_WCTYPE 1
#define HAVE_MBRTOWC 1
#define DYNAMIC 1
#define GETPGRP_VOID 1
#define PRINTF_HAS_F_FORMAT 1
#define HAVE_SOCKETS 1
#define HAVE_STRUCT_STAT_ST_BLKSIZE 1
#define HAVE_ST_BLKSIZE 1
#define TIME_WITH_SYS_TIME 1
#define HAVE_STRUCT_TM_TM_ZONE 1
#define HAVE_TM_ZONE 1
#define restrict __restrict
#define HAVE_STRINGIZE 1

configure: exit 0

## ---------------------- ##
## Running config.status. ##
## ---------------------- ##

This file was extended by GNU Awk config.status 3.1.8, which was
generated by GNU Autoconf 2.69.  Invocation command line was

  CONFIG_FILES    = 
  CONFIG_HEADERS  = 
  CONFIG_LINKS    = 
  CONFIG_COMMANDS = 
  $ ./config.status --file=version.c:version.in

on varg-3

config.status:1004: creating version.c
